gpasm-0.13.7 beta               Objects/clock.asm11-18-2017  11:12:32         PAGE  1


LOC  OBJECT CODE     LINE SOURCE TEXT
  VALUE
 
               00001 ;--------------------------------------------------------
               00002 ; File Created by SDCC : free open source ANSI-C Compiler
               00003 ; Version 2.9.4 #5595 (Nov 14 2017) (UNIX)
               00004 ; This file was generated Sat Nov 18 11:12:32 2017
               00005 ;--------------------------------------------------------
               00006 ; PIC16 port for the Microchip 16-bit core micros
               00007 ;--------------------------------------------------------
               00008         list    p=18f97j60
               00009 
               00010         radix dec
               00011 
               00012 ;--------------------------------------------------------
               00013 ; public variables in this module
               00014 ;--------------------------------------------------------
               00015         global _min
               00016         global _DisplayWORD
               00017         global _DisplayString
               00018         global _strlcpy
               00019         global _hour
               00020         global _timeValue
               00021         global _updateTime
               00022         global _hour_isr
               00023         global _main
               00024 
               00025 ;--------------------------------------------------------
               00026 ; extern variables in this module
               00027 ;--------------------------------------------------------
               00028         extern __gptrput1
               00029         extern __gptrget1
               00030         extern _EBSTCONbits
               00031         extern _MISTATbits
               00032         extern _EFLOCONbits
               00033         extern _MACON1bits
               00034         extern _MACON2bits
               00035         extern _MACON3bits
               00036         extern _MACON4bits
               00037         extern _MACLCON1bits
               00038         extern _MACLCON2bits
               00039         extern _MICONbits
               00040         extern _MICMDbits
               00041         extern _EWOLIEbits
               00042         extern _EWOLIRbits
               00043         extern _ERXFCONbits
               00044         extern _EIEbits
               00045         extern _ESTATbits
               00046         extern _ECON2bits
               00047         extern _EIRbits
               00048         extern _EDATAbits
               00049         extern _SSP2CON2bits
               00050         extern _SSP2CON1bits
               00051         extern _SSP2STATbits
               00052         extern _ECCP2DELbits
               00053         extern _ECCP2ASbits
               00054         extern _ECCP3DELbits
gpasm-0.13.7 beta               Objects/clock.asm11-18-2017  11:12:32         PAGE  2


LOC  OBJECT CODE     LINE SOURCE TEXT
  VALUE
 
               00055         extern _ECCP3ASbits
               00056         extern _RCSTA2bits
               00057         extern _TXSTA2bits
               00058         extern _CCP5CONbits
               00059         extern _CCP4CONbits
               00060         extern _T4CONbits
               00061         extern _ECCP1DELbits
               00062         extern _BAUDCON2bits
               00063         extern _BAUDCTL2bits
               00064         extern _BAUDCONbits
               00065         extern _BAUDCON1bits
               00066         extern _BAUDCTLbits
               00067         extern _BAUDCTL1bits
               00068         extern _PORTAbits
               00069         extern _PORTBbits
               00070         extern _PORTCbits
               00071         extern _PORTDbits
               00072         extern _PORTEbits
               00073         extern _PORTFbits
               00074         extern _PORTGbits
               00075         extern _PORTHbits
               00076         extern _PORTJbits
               00077         extern _LATAbits
               00078         extern _LATBbits
               00079         extern _LATCbits
               00080         extern _LATDbits
               00081         extern _LATEbits
               00082         extern _LATFbits
               00083         extern _LATGbits
               00084         extern _LATHbits
               00085         extern _LATJbits
               00086         extern _DDRAbits
               00087         extern _TRISAbits
               00088         extern _DDRBbits
               00089         extern _TRISBbits
               00090         extern _DDRCbits
               00091         extern _TRISCbits
               00092         extern _DDRDbits
               00093         extern _TRISDbits
               00094         extern _DDREbits
               00095         extern _TRISEbits
               00096         extern _DDRFbits
               00097         extern _TRISFbits
               00098         extern _DDRGbits
               00099         extern _TRISGbits
               00100         extern _DDRHbits
               00101         extern _TRISHbits
               00102         extern _DDRJbits
               00103         extern _TRISJbits
               00104         extern _OSCTUNEbits
               00105         extern _MEMCONbits
               00106         extern _PIE1bits
               00107         extern _PIR1bits
               00108         extern _IPR1bits
gpasm-0.13.7 beta               Objects/clock.asm11-18-2017  11:12:32         PAGE  3


LOC  OBJECT CODE     LINE SOURCE TEXT
  VALUE
 
               00109         extern _PIE2bits
               00110         extern _PIR2bits
               00111         extern _IPR2bits
               00112         extern _PIE3bits
               00113         extern _PIR3bits
               00114         extern _IPR3bits
               00115         extern _EECON1bits
               00116         extern _RCSTAbits
               00117         extern _RCSTA1bits
               00118         extern _TXSTAbits
               00119         extern _TXSTA1bits
               00120         extern _PSPCONbits
               00121         extern _T3CONbits
               00122         extern _CMCONbits
               00123         extern _CVRCONbits
               00124         extern _ECCP1ASbits
               00125         extern _CCP3CONbits
               00126         extern _ECCP3CONbits
               00127         extern _CCP2CONbits
               00128         extern _ECCP2CONbits
               00129         extern _CCP1CONbits
               00130         extern _ECCP1CONbits
               00131         extern _ADCON2bits
               00132         extern _ADCON1bits
               00133         extern _ADCON0bits
               00134         extern _SSP1CON2bits
               00135         extern _SSPCON2bits
               00136         extern _SSP1CON1bits
               00137         extern _SSPCON1bits
               00138         extern _SSP1STATbits
               00139         extern _SSPSTATbits
               00140         extern _T2CONbits
               00141         extern _T1CONbits
               00142         extern _RCONbits
               00143         extern _WDTCONbits
               00144         extern _ECON1bits
               00145         extern _OSCCONbits
               00146         extern _T0CONbits
               00147         extern _STATUSbits
               00148         extern _INTCON3bits
               00149         extern _INTCON2bits
               00150         extern _INTCONbits
               00151         extern _STKPTRbits
               00152         extern _stdin
               00153         extern _stdout
               00154         extern _LCDText
               00155         extern _MAADR5
               00156         extern _MAADR6
               00157         extern _MAADR3
               00158         extern _MAADR4
               00159         extern _MAADR1
               00160         extern _MAADR2
               00161         extern _EBSTSD
               00162         extern _EBSTCON
gpasm-0.13.7 beta               Objects/clock.asm11-18-2017  11:12:32         PAGE  4


LOC  OBJECT CODE     LINE SOURCE TEXT
  VALUE
 
               00163         extern _EBSTCS
               00164         extern _EBSTCSL
               00165         extern _EBSTCSH
               00166         extern _MISTAT
               00167         extern _EFLOCON
               00168         extern _EPAUS
               00169         extern _EPAUSL
               00170         extern _EPAUSH
               00171         extern _MACON1
               00172         extern _MACON2
               00173         extern _MACON3
               00174         extern _MACON4
               00175         extern _MABBIPG
               00176         extern _MAIPG
               00177         extern _MAIPGL
               00178         extern _MAIPGH
               00179         extern _MACLCON1
               00180         extern _MACLCON2
               00181         extern _MAMXFL
               00182         extern _MAMXFLL
               00183         extern _MAMXFLH
               00184         extern _MICON
               00185         extern _MICMD
               00186         extern _MIREGADR
               00187         extern _MIWR
               00188         extern _MIWRL
               00189         extern _MIWRH
               00190         extern _MIRD
               00191         extern _MIRDL
               00192         extern _MIRDH
               00193         extern _EHT0
               00194         extern _EHT1
               00195         extern _EHT2
               00196         extern _EHT3
               00197         extern _EHT4
               00198         extern _EHT5
               00199         extern _EHT6
               00200         extern _EHT7
               00201         extern _EPMM0
               00202         extern _EPMM1
               00203         extern _EPMM2
               00204         extern _EPMM3
               00205         extern _EPMM4
               00206         extern _EPMM5
               00207         extern _EPMM6
               00208         extern _EPMM7
               00209         extern _EPMCS
               00210         extern _EPMCSL
               00211         extern _EPMCSH
               00212         extern _EPMO
               00213         extern _EPMOL
               00214         extern _EPMOH
               00215         extern _EWOLIE
               00216         extern _EWOLIR
gpasm-0.13.7 beta               Objects/clock.asm11-18-2017  11:12:32         PAGE  5


LOC  OBJECT CODE     LINE SOURCE TEXT
  VALUE
 
               00217         extern _ERXFCON
               00218         extern _EPKTCNT
               00219         extern _EWRPT
               00220         extern _EWRPTL
               00221         extern _EWRPTH
               00222         extern _ETXST
               00223         extern _ETXSTL
               00224         extern _ETXSTH
               00225         extern _ETXND
               00226         extern _ETXNDL
               00227         extern _ETXNDH
               00228         extern _ERXST
               00229         extern _ERXSTL
               00230         extern _ERXSTH
               00231         extern _ERXND
               00232         extern _ERXNDL
               00233         extern _ERXNDH
               00234         extern _ERXRDPT
               00235         extern _ERXRDPTL
               00236         extern _ERXRDPTH
               00237         extern _ERXWRPT
               00238         extern _ERXWRPTL
               00239         extern _ERXWRPTH
               00240         extern _EDMAST
               00241         extern _EDMASTL
               00242         extern _EDMASTH
               00243         extern _EDMAND
               00244         extern _EDMANDL
               00245         extern _EDMANDH
               00246         extern _EDMADST
               00247         extern _EDMADSTL
               00248         extern _EDMADSTH
               00249         extern _EDMACS
               00250         extern _EDMACSL
               00251         extern _EDMACSH
               00252         extern _EIE
               00253         extern _ESTAT
               00254         extern _ECON2
               00255         extern _EIR
               00256         extern _EDATA
               00257         extern _SSP2CON2
               00258         extern _SSP2CON1
               00259         extern _SSP2STAT
               00260         extern _SSP2ADD
               00261         extern _SSP2BUF
               00262         extern _ECCP2DEL
               00263         extern _ECCP2AS
               00264         extern _ECCP3DEL
               00265         extern _ECCP3AS
               00266         extern _RCSTA2
               00267         extern _TXSTA2
               00268         extern _TXREG2
               00269         extern _RCREG2
               00270         extern _SPBRG2
gpasm-0.13.7 beta               Objects/clock.asm11-18-2017  11:12:32         PAGE  6


LOC  OBJECT CODE     LINE SOURCE TEXT
  VALUE
 
               00271         extern _CCP5CON
               00272         extern _CCPR5
               00273         extern _CCPR5L
               00274         extern _CCPR5H
               00275         extern _CCP4CON
               00276         extern _CCPR4
               00277         extern _CCPR4L
               00278         extern _CCPR4H
               00279         extern _T4CON
               00280         extern _PR4
               00281         extern _TMR4
               00282         extern _ECCP1DEL
               00283         extern _ERDPT
               00284         extern _ERDPTL
               00285         extern _ERDPTH
               00286         extern _BAUDCON2
               00287         extern _BAUDCTL2
               00288         extern _SPBRGH2
               00289         extern _BAUDCON
               00290         extern _BAUDCON1
               00291         extern _BAUDCTL
               00292         extern _BAUDCTL1
               00293         extern _SPBRGH
               00294         extern _SPBRGH1
               00295         extern _PORTA
               00296         extern _PORTB
               00297         extern _PORTC
               00298         extern _PORTD
               00299         extern _PORTE
               00300         extern _PORTF
               00301         extern _PORTG
               00302         extern _PORTH
               00303         extern _PORTJ
               00304         extern _LATA
               00305         extern _LATB
               00306         extern _LATC
               00307         extern _LATD
               00308         extern _LATE
               00309         extern _LATF
               00310         extern _LATG
               00311         extern _LATH
               00312         extern _LATJ
               00313         extern _DDRA
               00314         extern _TRISA
               00315         extern _DDRB
               00316         extern _TRISB
               00317         extern _DDRC
               00318         extern _TRISC
               00319         extern _DDRD
               00320         extern _TRISD
               00321         extern _DDRE
               00322         extern _TRISE
               00323         extern _DDRF
               00324         extern _TRISF
gpasm-0.13.7 beta               Objects/clock.asm11-18-2017  11:12:32         PAGE  7


LOC  OBJECT CODE     LINE SOURCE TEXT
  VALUE
 
               00325         extern _DDRG
               00326         extern _TRISG
               00327         extern _DDRH
               00328         extern _TRISH
               00329         extern _DDRJ
               00330         extern _TRISJ
               00331         extern _OSCTUNE
               00332         extern _MEMCON
               00333         extern _PIE1
               00334         extern _PIR1
               00335         extern _IPR1
               00336         extern _PIE2
               00337         extern _PIR2
               00338         extern _IPR2
               00339         extern _PIE3
               00340         extern _PIR3
               00341         extern _IPR3
               00342         extern _EECON1
               00343         extern _EECON2
               00344         extern _RCSTA
               00345         extern _RCSTA1
               00346         extern _TXSTA
               00347         extern _TXSTA1
               00348         extern _TXREG
               00349         extern _TXREG1
               00350         extern _RCREG
               00351         extern _RCREG1
               00352         extern _SPBRG
               00353         extern _SPBRG1
               00354         extern _PSPCON
               00355         extern _T3CON
               00356         extern _TMR3L
               00357         extern _TMR3H
               00358         extern _CMCON
               00359         extern _CVRCON
               00360         extern _ECCP1AS
               00361         extern _CCP3CON
               00362         extern _ECCP3CON
               00363         extern _CCPR3
               00364         extern _CCPR3L
               00365         extern _CCPR3H
               00366         extern _CCP2CON
               00367         extern _ECCP2CON
               00368         extern _CCPR2
               00369         extern _CCPR2L
               00370         extern _CCPR2H
               00371         extern _CCP1CON
               00372         extern _ECCP1CON
               00373         extern _CCPR1
               00374         extern _CCPR1L
               00375         extern _CCPR1H
               00376         extern _ADCON2
               00377         extern _ADCON1
               00378         extern _ADCON0
gpasm-0.13.7 beta               Objects/clock.asm11-18-2017  11:12:32         PAGE  8


LOC  OBJECT CODE     LINE SOURCE TEXT
  VALUE
 
               00379         extern _ADRES
               00380         extern _ADRESL
               00381         extern _ADRESH
               00382         extern _SSP1CON2
               00383         extern _SSPCON2
               00384         extern _SSP1CON1
               00385         extern _SSPCON1
               00386         extern _SSP1STAT
               00387         extern _SSPSTAT
               00388         extern _SSP1ADD
               00389         extern _SSPADD
               00390         extern _SSP1BUF
               00391         extern _SSPBUF
               00392         extern _T2CON
               00393         extern _PR2
               00394         extern _TMR2
               00395         extern _T1CON
               00396         extern _TMR1L
               00397         extern _TMR1H
               00398         extern _RCON
               00399         extern _WDTCON
               00400         extern _ECON1
               00401         extern _OSCCON
               00402         extern _T0CON
               00403         extern _TMR0L
               00404         extern _TMR0H
               00405         extern _STATUS
               00406         extern _FSR2L
               00407         extern _FSR2H
               00408         extern _PLUSW2
               00409         extern _PREINC2
               00410         extern _POSTDEC2
               00411         extern _POSTINC2
               00412         extern _INDF2
               00413         extern _BSR
               00414         extern _FSR1L
               00415         extern _FSR1H
               00416         extern _PLUSW1
               00417         extern _PREINC1
               00418         extern _POSTDEC1
               00419         extern _POSTINC1
               00420         extern _INDF1
               00421         extern _WREG
               00422         extern _FSR0L
               00423         extern _FSR0H
               00424         extern _PLUSW0
               00425         extern _PREINC0
               00426         extern _POSTDEC0
               00427         extern _POSTINC0
               00428         extern _INDF0
               00429         extern _INTCON3
               00430         extern _INTCON2
               00431         extern _INTCON
               00432         extern _PROD
gpasm-0.13.7 beta               Objects/clock.asm11-18-2017  11:12:32         PAGE  9


LOC  OBJECT CODE     LINE SOURCE TEXT
  VALUE
 
               00433         extern _PRODL
               00434         extern _PRODH
               00435         extern _TABLAT
               00436         extern _TBLPTR
               00437         extern _TBLPTRL
               00438         extern _TBLPTRH
               00439         extern _TBLPTRU
               00440         extern _PC
               00441         extern _PCL
               00442         extern _PCLATH
               00443         extern _PCLATU
               00444         extern _STKPTR
               00445         extern _TOS
               00446         extern _TOSL
               00447         extern _TOSH
               00448         extern _TOSU
               00449         extern _sprintf
               00450         extern _ultoa
               00451         extern _strlen
               00452         extern _LCDInit
               00453         extern _LCDUpdate
               00454 ;--------------------------------------------------------
               00455 ;       Equates to used internal registers
               00456 ;--------------------------------------------------------
  00000FD8     00457 STATUS  equ     0xfd8
  00000FFA     00458 PCLATH  equ     0xffa
  00000FFB     00459 PCLATU  equ     0xffb
  00000FE8     00460 WREG    equ     0xfe8
  00000FE0     00461 BSR     equ     0xfe0
  00000FE9     00462 FSR0L   equ     0xfe9
  00000FEA     00463 FSR0H   equ     0xfea
  00000FE1     00464 FSR1L   equ     0xfe1
  00000FD9     00465 FSR2L   equ     0xfd9
  00000FEF     00466 INDF0   equ     0xfef
  00000FE5     00467 POSTDEC1        equ     0xfe5
  00000FE4     00468 PREINC1 equ     0xfe4
  00000FDB     00469 PLUSW2  equ     0xfdb
  00000FF3     00470 PRODL   equ     0xff3
  00000FF4     00471 PRODH   equ     0xff4
               00472 
               00473 
               00474         idata
               00475 _hour   db      0x00, 0x00
               00476 _min    db      0x00, 0x00
               00477 
               00478 
               00479 ; Internal registers
               00480 .registers      udata_ovr       0x0000
               00481 r0x00   res     1
               00482 r0x01   res     1
               00483 r0x02   res     1
               00484 r0x03   res     1
               00485 r0x04   res     1
               00486 r0x05   res     1
gpasm-0.13.7 beta               Objects/clock.asm11-18-2017  11:12:32         PAGE 10


LOC  OBJECT CODE     LINE SOURCE TEXT
  VALUE
 
               00487 r0x06   res     1
               00488 r0x07   res     1
               00489 r0x08   res     1
               00490 r0x09   res     1
               00491 r0x0a   res     1
               00492 r0x0b   res     1
               00493 r0x0c   res     1
               00494 r0x0d   res     1
               00495 r0x0e   res     1
               00496 r0x0f   res     1
               00497 r0x10   res     1
               00498 r0x11   res     1
               00499 r0x12   res     1
               00500 r0x13   res     1
               00501 r0x14   res     1
               00502 r0x15   res     1
               00503 
               00504 udata_clock_0   udata
               00505 _timeValue      res     6
               00506 
               00507 udata_clock_1   udata
               00508 _DisplayWORD_WDigit_1_1 res     6
               00509 
               00510 ;--------------------------------------------------------
               00511 ; interrupt vector 
               00512 ;--------------------------------------------------------
               00513 
               00514 ;--------------------------------------------------------
               00515 ; global & static initialisations
               00516 ;--------------------------------------------------------
               00517 ; ; Starting pCode block for absolute section
               00518 ; ;-----------------------------------------
               00519 S_clock_ivec_0x2_hour_isr       code    0X000018
0018 00520 ivec_0x2_hour_isr:
0018 EF00 F000 00521         GOTO    _hour_isr
               00522 
               00523 ; I code from now on!
               00524 ; ; Starting pCode block
               00525 S_clock__main   code
0000 00526 _main:
               00527 ;       .line   67; clock.c     LCDInit();
0000 EC00 F000 00528         CALL    _LCDInit
               00529 ;       .line   68; clock.c     DelayMs(100);
0004 0E10      00530         MOVLW   0x10
0006 6E00      00531         MOVWF   r0x00
0008 0E98      00532         MOVLW   0x98
000A 6E00      00533         MOVWF   r0x01
000C 0E02      00534         MOVLW   0x02
000E 6E00      00535         MOVWF   r0x02
0010 6A00      00536         CLRF    r0x03
0012 00537 _00131_DS_:
0012 C000 F000 00538         MOVFF   r0x00, r0x04
0016 C000 F000 00539         MOVFF   r0x01, r0x05
001A C000 F000 00540         MOVFF   r0x02, r0x06
gpasm-0.13.7 beta               Objects/clock.asm11-18-2017  11:12:32         PAGE 11


LOC  OBJECT CODE     LINE SOURCE TEXT
  VALUE
 
001E C000 F000 00541         MOVFF   r0x03, r0x07
0022 0EFF      00542         MOVLW   0xff
0024 2600      00543         ADDWF   r0x00, F
0026 0EFF      00544         MOVLW   0xff
0028 2200      00545         ADDWFC  r0x01, F
002A 0EFF      00546         MOVLW   0xff
002C 2200      00547         ADDWFC  r0x02, F
002E 0EFF      00548         MOVLW   0xff
0030 2200      00549         ADDWFC  r0x03, F
0032 5000      00550         MOVF    r0x04, W
0034 1000      00551         IORWF   r0x05, W
0036 1000      00552         IORWF   r0x06, W
0038 1000      00553         IORWF   r0x07, W
003A E100      00554         BNZ     _00131_DS_
               00555 ;       .line   70; clock.c     DisplayString(0,"Enter the time:");
003C 0E00      00556         MOVLW   UPPER(__str_1)
003E 6EE5      00557         MOVWF   POSTDEC1
0040 0E00      00558         MOVLW   HIGH(__str_1)
0042 6EE5      00559         MOVWF   POSTDEC1
0044 0E00      00560         MOVLW   LOW(__str_1)
0046 6EE5      00561         MOVWF   POSTDEC1
0048 0E00      00562         MOVLW   0x00
004A 6EE5      00563         MOVWF   POSTDEC1
004C EC00 F000 00564         CALL    _DisplayString
0050 0E04      00565         MOVLW   0x04
0052 26E1      00566         ADDWF   FSR1L, F
               00567 ;       .line   71; clock.c     DisplayString(16, "00:00");
0054 0E00      00568         MOVLW   UPPER(__str_2)
0056 6EE5      00569         MOVWF   POSTDEC1
0058 0E00      00570         MOVLW   HIGH(__str_2)
005A 6EE5      00571         MOVWF   POSTDEC1
005C 0E00      00572         MOVLW   LOW(__str_2)
005E 6EE5      00573         MOVWF   POSTDEC1
0060 0E10      00574         MOVLW   0x10
0062 6EE5      00575         MOVWF   POSTDEC1
0064 EC00 F000 00576         CALL    _DisplayString
0068 0E04      00577         MOVLW   0x04
006A 26E1      00578         ADDWF   FSR1L, F
               00579 ;       .line   73; clock.c     BUTTON0_TRIS = 1; //configure button0 as input
006C 8600      00580         BSF     _TRISBbits, 3
               00581 ;       .line   76; clock.c     RCONbits.IPEN      = 1;   //enable interrupts priority levels
006E 8E00      00582         BSF     _RCONbits, 7
               00583 ;       .line   77; clock.c     INTCON3bits.INT2P  = 1;   //connect INT1 interrupt (button 2) to high prio
0070 8E00      00584         BSF     _INTCON3bits, 7
               00585 ;       .line   78; clock.c     INTCON2bits.INTEDG2= 0;   //INT1 interrupts on falling edge
0072 9800      00586         BCF     _INTCON2bits, 4
               00587 ;       .line   79; clock.c     INTCONbits.GIE     = 1;   //enable high priority interrupts
0074 8E00      00588         BSF     _INTCONbits, 7
               00589 ;       .line   80; clock.c     INTCON3bits.INT2E  = 1;   //enable INT1 interrupt (button 2)
0076 8800      00590         BSF     _INTCON3bits, 4
               00591 ;       .line   81; clock.c     INTCON3bits.INT2F  = 0;   //clear INT1 flag
0078 9200      00592         BCF     _INTCON3bits, 1
007A 00593 _00138_DS_:
               00594 ;       .line   83; clock.c     while(1) {
gpasm-0.13.7 beta               Objects/clock.asm11-18-2017  11:12:32         PAGE 12


LOC  OBJECT CODE     LINE SOURCE TEXT
  VALUE
 
007A D000      00595         BRA     _00138_DS_
007C 0012      00596         RETURN  
               00597 
               00598 ; ; Starting pCode block
               00599 S_clock__strlcpy        code
0000 00600 _strlcpy:
               00601 ;       .line   205; clock.c    strlcpy(char *dst, const char *src, size_t siz)
0000 CFD9 FFE5 00602         MOVFF   FSR2L, POSTDEC1
0004 CFE1 FFD9 00603         MOVFF   FSR1L, FSR2L
0008 C000 FFE5 00604         MOVFF   r0x00, POSTDEC1
000C C000 FFE5 00605         MOVFF   r0x01, POSTDEC1
0010 C000 FFE5 00606         MOVFF   r0x02, POSTDEC1
0014 C000 FFE5 00607         MOVFF   r0x03, POSTDEC1
0018 C000 FFE5 00608         MOVFF   r0x04, POSTDEC1
001C C000 FFE5 00609         MOVFF   r0x05, POSTDEC1
0020 C000 FFE5 00610         MOVFF   r0x06, POSTDEC1
0024 C000 FFE5 00611         MOVFF   r0x07, POSTDEC1
0028 C000 FFE5 00612         MOVFF   r0x08, POSTDEC1
002C C000 FFE5 00613         MOVFF   r0x09, POSTDEC1
0030 C000 FFE5 00614         MOVFF   r0x0a, POSTDEC1
0034 C000 FFE5 00615         MOVFF   r0x0b, POSTDEC1
0038 C000 FFE5 00616         MOVFF   r0x0c, POSTDEC1
003C C000 FFE5 00617         MOVFF   r0x0d, POSTDEC1
0040 C000 FFE5 00618         MOVFF   r0x0e, POSTDEC1
0044 C000 FFE5 00619         MOVFF   r0x0f, POSTDEC1
0048 C000 FFE5 00620         MOVFF   r0x10, POSTDEC1
004C C000 FFE5 00621         MOVFF   r0x11, POSTDEC1
0050 C000 FFE5 00622         MOVFF   r0x12, POSTDEC1
0054 C000 FFE5 00623         MOVFF   r0x13, POSTDEC1
0058 C000 FFE5 00624         MOVFF   r0x14, POSTDEC1
005C C000 FFE5 00625         MOVFF   r0x15, POSTDEC1
0060 0E02      00626         MOVLW   0x02
0062 CFDB F000 00627         MOVFF   PLUSW2, r0x00
0066 0E03      00628         MOVLW   0x03
0068 CFDB F000 00629         MOVFF   PLUSW2, r0x01
006C 0E04      00630         MOVLW   0x04
006E CFDB F000 00631         MOVFF   PLUSW2, r0x02
0072 0E05      00632         MOVLW   0x05
0074 CFDB F000 00633         MOVFF   PLUSW2, r0x03
0078 0E06      00634         MOVLW   0x06
007A CFDB F000 00635         MOVFF   PLUSW2, r0x04
007E 0E07      00636         MOVLW   0x07
0080 CFDB F000 00637         MOVFF   PLUSW2, r0x05
0084 0E08      00638         MOVLW   0x08
0086 CFDB F000 00639         MOVFF   PLUSW2, r0x06
008A 0E09      00640         MOVLW   0x09
008C CFDB F000 00641         MOVFF   PLUSW2, r0x07
               00642 ;       .line   207; clock.c    char       *d = dst;
0090 C000 F000 00643         MOVFF   r0x00, r0x08
0094 C000 F000 00644         MOVFF   r0x01, r0x09
0098 C000 F000 00645         MOVFF   r0x02, r0x0a
               00646 ;       .line   208; clock.c    const char *s = src;
009C C000 F000 00647         MOVFF   r0x03, r0x0b
00A0 C000 F000 00648         MOVFF   r0x04, r0x0c
gpasm-0.13.7 beta               Objects/clock.asm11-18-2017  11:12:32         PAGE 13


LOC  OBJECT CODE     LINE SOURCE TEXT
  VALUE
 
00A4 C000 F000 00649         MOVFF   r0x05, r0x0d
               00650 ;       .line   209; clock.c    size_t      n = siz;
00A8 C000 F000 00651         MOVFF   r0x06, r0x0e
00AC C000 F000 00652         MOVFF   r0x07, r0x0f
               00653 ;       .line   212; clock.c    if (n != 0)
00B0 5000      00654         MOVF    r0x06, W
00B2 1000      00655         IORWF   r0x07, W
00B4 B4D8      00656         BTFSC   STATUS, 2
00B6 D000      00657         BRA     _00187_DS_
               00658 ;       .line   214; clock.c    while (--n != 0)
00B8 C000 F000 00659         MOVFF   r0x03, r0x10
00BC C000 F000 00660         MOVFF   r0x04, r0x11
00C0 C000 F000 00661         MOVFF   r0x05, r0x12
00C4 C000 F000 00662         MOVFF   r0x06, r0x13
00C8 C000 F000 00663         MOVFF   r0x07, r0x14
00CC 00664 _00183_DS_:
00CC 0EFF      00665         MOVLW   0xff
00CE 2600      00666         ADDWF   r0x13, F
00D0 A0D8      00667         BTFSS   STATUS, 0
00D2 0600      00668         DECF    r0x14, F
00D4 5000      00669         MOVF    r0x13, W
00D6 1000      00670         IORWF   r0x14, W
00D8 E000      00671         BZ      _00202_DS_
               00672 ;       .line   216; clock.c    if ((*d++ = *s++) == '\0')
00DA C000 FFE9 00673         MOVFF   r0x10, FSR0L
00DE C000 FFF3 00674         MOVFF   r0x11, PRODL
00E2 5000      00675         MOVF    r0x12, W
00E4 EC00 F000 00676         CALL    __gptrget1
00E8 6E00      00677         MOVWF   r0x15
00EA 2A00      00678         INCF    r0x10, F
00EC B0D8      00679         BTFSC   STATUS, 0
00EE 2A00      00680         INCF    r0x11, F
00F0 B0D8      00681         BTFSC   STATUS, 0
00F2 2A00      00682         INCF    r0x12, F
00F4 C000 FFE5 00683         MOVFF   r0x15, POSTDEC1
00F8 C000 FFE9 00684         MOVFF   r0x00, FSR0L
00FC C000 FFF3 00685         MOVFF   r0x01, PRODL
0100 5000      00686         MOVF    r0x02, W
0102 EC00 F000 00687         CALL    __gptrput1
0106 2A00      00688         INCF    r0x00, F
0108 B0D8      00689         BTFSC   STATUS, 0
010A 2A00      00690         INCF    r0x01, F
010C B0D8      00691         BTFSC   STATUS, 0
010E 2A00      00692         INCF    r0x02, F
0110 5000      00693         MOVF    r0x15, W
0112 E100      00694         BNZ     _00183_DS_
0114 00695 _00202_DS_:
               00696 ;       .line   217; clock.c    break;
0114 C000 F000 00697         MOVFF   r0x10, r0x0b
0118 C000 F000 00698         MOVFF   r0x11, r0x0c
011C C000 F000 00699         MOVFF   r0x12, r0x0d
0120 C000 F000 00700         MOVFF   r0x00, r0x08
0124 C000 F000 00701         MOVFF   r0x01, r0x09
0128 C000 F000 00702         MOVFF   r0x02, r0x0a
gpasm-0.13.7 beta               Objects/clock.asm11-18-2017  11:12:32         PAGE 14


LOC  OBJECT CODE     LINE SOURCE TEXT
  VALUE
 
012C C000 F000 00703         MOVFF   r0x13, r0x0e
0130 C000 F000 00704         MOVFF   r0x14, r0x0f
0134 00705 _00187_DS_:
               00706 ;       .line   222; clock.c    if (n == 0)
0134 5000      00707         MOVF    r0x0e, W
0136 1000      00708         IORWF   r0x0f, W
0138 E100      00709         BNZ     _00194_DS_
               00710 ;       .line   224; clock.c    if (siz != 0)
013A 5000      00711         MOVF    r0x06, W
013C 1000      00712         IORWF   r0x07, W
013E E000      00713         BZ      _00201_DS_
               00714 ;       .line   225; clock.c    *d = '\0';          /* NUL-terminate dst */
0140 0E00      00715         MOVLW   0x00
0142 6EE5      00716         MOVWF   POSTDEC1
0144 C000 FFE9 00717         MOVFF   r0x08, FSR0L
0148 C000 FFF3 00718         MOVFF   r0x09, PRODL
014C 5000      00719         MOVF    r0x0a, W
014E EC00 F000 00720         CALL    __gptrput1
0152 00721 _00201_DS_:
               00722 ;       .line   226; clock.c    while (*s++)
0152 C000 F000 00723         MOVFF   r0x0b, r0x00
0156 C000 F000 00724         MOVFF   r0x0c, r0x01
015A C000 F000 00725         MOVFF   r0x0d, r0x02
015E 00726 _00190_DS_:
015E C000 FFE9 00727         MOVFF   r0x00, FSR0L
0162 C000 FFF3 00728         MOVFF   r0x01, PRODL
0166 5000      00729         MOVF    r0x02, W
0168 EC00 F000 00730         CALL    __gptrget1
016C 6E00      00731         MOVWF   r0x06
016E 2A00      00732         INCF    r0x00, F
0170 B0D8      00733         BTFSC   STATUS, 0
0172 2A00      00734         INCF    r0x01, F
0174 B0D8      00735         BTFSC   STATUS, 0
0176 2A00      00736         INCF    r0x02, F
0178 5000      00737         MOVF    r0x06, W
017A E100      00738         BNZ     _00190_DS_
017C C000 F000 00739         MOVFF   r0x00, r0x0b
0180 C000 F000 00740         MOVFF   r0x01, r0x0c
0184 C000 F000 00741         MOVFF   r0x02, r0x0d
0188 00742 _00194_DS_:
               00743 ;       .line   230; clock.c    return (s - src - 1);       /* count does not include NUL */
0188 5000      00744         MOVF    r0x03, W
018A 5C00      00745         SUBWF   r0x0b, W
018C 6E00      00746         MOVWF   r0x03
018E 5000      00747         MOVF    r0x04, W
0190 5800      00748         SUBWFB  r0x0c, W
0192 6E00      00749         MOVWF   r0x04
0194 0EFF      00750         MOVLW   0xff
0196 2600      00751         ADDWF   r0x03, F
0198 A0D8      00752         BTFSS   STATUS, 0
019A 0600      00753         DECF    r0x04, F
019C C000 FFF3 00754         MOVFF   r0x04, PRODL
01A0 5000      00755         MOVF    r0x03, W
01A2 CFE4 F000 00756         MOVFF   PREINC1, r0x15
gpasm-0.13.7 beta               Objects/clock.asm11-18-2017  11:12:32         PAGE 15


LOC  OBJECT CODE     LINE SOURCE TEXT
  VALUE
 
01A6 CFE4 F000 00757         MOVFF   PREINC1, r0x14
01AA CFE4 F000 00758         MOVFF   PREINC1, r0x13
01AE CFE4 F000 00759         MOVFF   PREINC1, r0x12
01B2 CFE4 F000 00760         MOVFF   PREINC1, r0x11
01B6 CFE4 F000 00761         MOVFF   PREINC1, r0x10
01BA CFE4 F000 00762         MOVFF   PREINC1, r0x0f
01BE CFE4 F000 00763         MOVFF   PREINC1, r0x0e
01C2 CFE4 F000 00764         MOVFF   PREINC1, r0x0d
01C6 CFE4 F000 00765         MOVFF   PREINC1, r0x0c
01CA CFE4 F000 00766         MOVFF   PREINC1, r0x0b
01CE CFE4 F000 00767         MOVFF   PREINC1, r0x0a
01D2 CFE4 F000 00768         MOVFF   PREINC1, r0x09
01D6 CFE4 F000 00769         MOVFF   PREINC1, r0x08
01DA CFE4 F000 00770         MOVFF   PREINC1, r0x07
01DE CFE4 F000 00771         MOVFF   PREINC1, r0x06
01E2 CFE4 F000 00772         MOVFF   PREINC1, r0x05
01E6 CFE4 F000 00773         MOVFF   PREINC1, r0x04
01EA CFE4 F000 00774         MOVFF   PREINC1, r0x03
01EE CFE4 F000 00775         MOVFF   PREINC1, r0x02
01F2 CFE4 F000 00776         MOVFF   PREINC1, r0x01
01F6 CFE4 F000 00777         MOVFF   PREINC1, r0x00
01FA CFE4 FFD9 00778         MOVFF   PREINC1, FSR2L
01FE 0012      00779         RETURN  
               00780 
               00781 ; ; Starting pCode block
               00782 S_clock__DisplayString  code
0000 00783 _DisplayString:
               00784 ;       .line   153; clock.c    void DisplayString(BYTE pos, char* text)
0000 CFD9 FFE5 00785         MOVFF   FSR2L, POSTDEC1
0004 CFE1 FFD9 00786         MOVFF   FSR1L, FSR2L
0008 C000 FFE5 00787         MOVFF   r0x00, POSTDEC1
000C C000 FFE5 00788         MOVFF   r0x01, POSTDEC1
0010 C000 FFE5 00789         MOVFF   r0x02, POSTDEC1
0014 C000 FFE5 00790         MOVFF   r0x03, POSTDEC1
0018 C000 FFE5 00791         MOVFF   r0x04, POSTDEC1
001C C000 FFE5 00792         MOVFF   r0x05, POSTDEC1
0020 C000 FFE5 00793         MOVFF   r0x06, POSTDEC1
0024 C000 FFE5 00794         MOVFF   r0x07, POSTDEC1
0028 C000 FFE5 00795         MOVFF   r0x08, POSTDEC1
002C C000 FFE5 00796         MOVFF   r0x09, POSTDEC1
0030 0E02      00797         MOVLW   0x02
0032 CFDB F000 00798         MOVFF   PLUSW2, r0x00
0036 0E03      00799         MOVLW   0x03
0038 CFDB F000 00800         MOVFF   PLUSW2, r0x01
003C 0E04      00801         MOVLW   0x04
003E CFDB F000 00802         MOVFF   PLUSW2, r0x02
0042 0E05      00803         MOVLW   0x05
0044 CFDB F000 00804         MOVFF   PLUSW2, r0x03
               00805 ;       .line   155; clock.c    BYTE        l = strlen(text);/*number of actual chars in the string*/
0048 5000      00806         MOVF    r0x03, W
004A 6EE5      00807         MOVWF   POSTDEC1
004C 5000      00808         MOVF    r0x02, W
004E 6EE5      00809         MOVWF   POSTDEC1
0050 5000      00810         MOVF    r0x01, W
gpasm-0.13.7 beta               Objects/clock.asm11-18-2017  11:12:32         PAGE 16


LOC  OBJECT CODE     LINE SOURCE TEXT
  VALUE
 
0052 6EE5      00811         MOVWF   POSTDEC1
0054 EC00 F000 00812         CALL    _strlen
0058 6E00      00813         MOVWF   r0x04
005A CFF3 F000 00814         MOVFF   PRODL, r0x05
005E 0E03      00815         MOVLW   0x03
0060 26E1      00816         ADDWF   FSR1L, F
               00817 ;       .line   156; clock.c    BYTE      max = 32-pos;    /*available space on the lcd*/
0062 5000      00818         MOVF    r0x00, W
0064 0820      00819         SUBLW   0x20
0066 6E00      00820         MOVWF   r0x05
               00821 ;       .line   157; clock.c    char       *d = (char*)&LCDText[pos];
0068 6A00      00822         CLRF    r0x06
006A 0E00      00823         MOVLW   LOW(_LCDText)
006C 2600      00824         ADDWF   r0x00, F
006E 0E00      00825         MOVLW   HIGH(_LCDText)
0070 2200      00826         ADDWFC  r0x06, F
0072 5000      00827         MOVF    r0x06, W
0074 6E00      00828         MOVWF   r0x06
0076 5000      00829         MOVF    r0x00, W
0078 6E00      00830         MOVWF   r0x00
007A 0E80      00831         MOVLW   0x80
007C 6E00      00832         MOVWF   r0x07
               00833 ;       .line   159; clock.c    size_t      n = (l<max)?l:max;
007E 5000      00834         MOVF    r0x05, W
0080 5C00      00835         SUBWF   r0x04, W
0082 E300      00836         BNC     _00171_DS_
0084 C000 F000 00837         MOVFF   r0x05, r0x04
0088 00838 _00171_DS_:
0088 6A00      00839         CLRF    r0x05
               00840 ;       .line   161; clock.c    if (n != 0)
008A 5000      00841         MOVF    r0x04, W
008C 1000      00842         IORWF   r0x05, W
008E E000      00843         BZ      _00167_DS_
0090 00844 _00163_DS_:
               00845 ;       .line   162; clock.c    while (n-- != 0)*d++ = *s++;
0090 C000 F000 00846         MOVFF   r0x04, r0x08
0094 C000 F000 00847         MOVFF   r0x05, r0x09
0098 0EFF      00848         MOVLW   0xff
009A 2600      00849         ADDWF   r0x04, F
009C A0D8      00850         BTFSS   STATUS, 0
009E 0600      00851         DECF    r0x05, F
00A0 5000      00852         MOVF    r0x08, W
00A2 1000      00853         IORWF   r0x09, W
00A4 E000      00854         BZ      _00167_DS_
00A6 C000 FFE9 00855         MOVFF   r0x01, FSR0L
00AA C000 FFF3 00856         MOVFF   r0x02, PRODL
00AE 5000      00857         MOVF    r0x03, W
00B0 EC00 F000 00858         CALL    __gptrget1
00B4 6E00      00859         MOVWF   r0x08
00B6 2A00      00860         INCF    r0x01, F
00B8 B0D8      00861         BTFSC   STATUS, 0
00BA 2A00      00862         INCF    r0x02, F
00BC B0D8      00863         BTFSC   STATUS, 0
00BE 2A00      00864         INCF    r0x03, F
gpasm-0.13.7 beta               Objects/clock.asm11-18-2017  11:12:32         PAGE 17


LOC  OBJECT CODE     LINE SOURCE TEXT
  VALUE
 
00C0 C000 FFE5 00865         MOVFF   r0x08, POSTDEC1
00C4 C000 FFE9 00866         MOVFF   r0x00, FSR0L
00C8 C000 FFF3 00867         MOVFF   r0x06, PRODL
00CC 5000      00868         MOVF    r0x07, W
00CE EC00 F000 00869         CALL    __gptrput1
00D2 2A00      00870         INCF    r0x00, F
00D4 B0D8      00871         BTFSC   STATUS, 0
00D6 2A00      00872         INCF    r0x06, F
00D8 B0D8      00873         BTFSC   STATUS, 0
00DA 2A00      00874         INCF    r0x07, F
00DC D000      00875         BRA     _00163_DS_
00DE 00876 _00167_DS_:
               00877 ;       .line   163; clock.c    LCDUpdate();
00DE EC00 F000 00878         CALL    _LCDUpdate
00E2 CFE4 F000 00879         MOVFF   PREINC1, r0x09
00E6 CFE4 F000 00880         MOVFF   PREINC1, r0x08
00EA CFE4 F000 00881         MOVFF   PREINC1, r0x07
00EE CFE4 F000 00882         MOVFF   PREINC1, r0x06
00F2 CFE4 F000 00883         MOVFF   PREINC1, r0x05
00F6 CFE4 F000 00884         MOVFF   PREINC1, r0x04
00FA CFE4 F000 00885         MOVFF   PREINC1, r0x03
00FE CFE4 F000 00886         MOVFF   PREINC1, r0x02
0102 CFE4 F000 00887         MOVFF   PREINC1, r0x01
0106 CFE4 F000 00888         MOVFF   PREINC1, r0x00
010A CFE4 FFD9 00889         MOVFF   PREINC1, FSR2L
010E 0012      00890         RETURN  
               00891 
               00892 ; ; Starting pCode block
               00893 S_clock__DisplayWORD    code
0000 00894 _DisplayWORD:
               00895 ;       .line   114; clock.c    void DisplayWORD(BYTE pos, WORD w) //WORD is a 16 bits unsigned
0000 CFD9 FFE5 00896         MOVFF   FSR2L, POSTDEC1
0004 CFE1 FFD9 00897         MOVFF   FSR1L, FSR2L
0008 C000 FFE5 00898         MOVFF   r0x00, POSTDEC1
000C C000 FFE5 00899         MOVFF   r0x01, POSTDEC1
0010 C000 FFE5 00900         MOVFF   r0x02, POSTDEC1
0014 C000 FFE5 00901         MOVFF   r0x03, POSTDEC1
0018 C000 FFE5 00902         MOVFF   r0x04, POSTDEC1
001C C000 FFE5 00903         MOVFF   r0x05, POSTDEC1
0020 0E02      00904         MOVLW   0x02
0022 CFDB F000 00905         MOVFF   PLUSW2, r0x00
0026 0E03      00906         MOVLW   0x03
0028 CFDB F000 00907         MOVFF   PLUSW2, r0x01
002C 0E04      00908         MOVLW   0x04
002E CFDB F000 00909         MOVFF   PLUSW2, r0x02
               00910 ;       .line   122; clock.c    ultoa(w, WDigit, radix);      
0032 6A00      00911         CLRF    r0x03
0034 6A00      00912         CLRF    r0x04
0036 0E0A      00913         MOVLW   0x0a
0038 6EE5      00914         MOVWF   POSTDEC1
003A 0E00      00915         MOVLW   HIGH(_DisplayWORD_WDigit_1_1)
003C 6EE5      00916         MOVWF   POSTDEC1
003E 0E00      00917         MOVLW   LOW(_DisplayWORD_WDigit_1_1)
0040 6EE5      00918         MOVWF   POSTDEC1
gpasm-0.13.7 beta               Objects/clock.asm11-18-2017  11:12:32         PAGE 18


LOC  OBJECT CODE     LINE SOURCE TEXT
  VALUE
 
0042 5000      00919         MOVF    r0x04, W
0044 6EE5      00920         MOVWF   POSTDEC1
0046 5000      00921         MOVF    r0x03, W
0048 6EE5      00922         MOVWF   POSTDEC1
004A 5000      00923         MOVF    r0x02, W
004C 6EE5      00924         MOVWF   POSTDEC1
004E 5000      00925         MOVF    r0x01, W
0050 6EE5      00926         MOVWF   POSTDEC1
0052 EC00 F000 00927         CALL    _ultoa
0056 0E07      00928         MOVLW   0x07
0058 26E1      00929         ADDWF   FSR1L, F
               00930 ;       .line   123; clock.c    for(j = 0; j < strlen((char*)WDigit); j++)
005A 6A00      00931         CLRF    r0x01
005C 00932 _00147_DS_:
005C 0E00      00933         MOVLW   HIGH(_DisplayWORD_WDigit_1_1)
005E 6E00      00934         MOVWF   r0x03
0060 0E00      00935         MOVLW   LOW(_DisplayWORD_WDigit_1_1)
0062 6E00      00936         MOVWF   r0x02
0064 0E80      00937         MOVLW   0x80
0066 6E00      00938         MOVWF   r0x04
0068 5000      00939         MOVF    r0x04, W
006A 6EE5      00940         MOVWF   POSTDEC1
006C 5000      00941         MOVF    r0x03, W
006E 6EE5      00942         MOVWF   POSTDEC1
0070 5000      00943         MOVF    r0x02, W
0072 6EE5      00944         MOVWF   POSTDEC1
0074 EC00 F000 00945         CALL    _strlen
0078 6E00      00946         MOVWF   r0x02
007A CFF3 F000 00947         MOVFF   PRODL, r0x03
007E 0E03      00948         MOVLW   0x03
0080 26E1      00949         ADDWF   FSR1L, F
0082 C000 F000 00950         MOVFF   r0x01, r0x04
0086 6A00      00951         CLRF    r0x05
0088 5000      00952         MOVF    r0x05, W
008A 0F80      00953         ADDLW   0x80
008C 6EF3      00954         MOVWF   PRODL
008E 5000      00955         MOVF    r0x03, W
0090 0F80      00956         ADDLW   0x80
0092 5CF3      00957         SUBWF   PRODL, W
0094 E100      00958         BNZ     _00157_DS_
0096 5000      00959         MOVF    r0x02, W
0098 5C00      00960         SUBWF   r0x04, W
009A 00961 _00157_DS_:
009A E200      00962         BC      _00150_DS_
               00963 ;       .line   125; clock.c    LCDText[LCDPos++] = WDigit[j];
009C C000 F000 00964         MOVFF   r0x00, r0x02
00A0 2A00      00965         INCF    r0x00, F
00A2 6A00      00966         CLRF    r0x03
00A4 0E00      00967         MOVLW   LOW(_LCDText)
00A6 2600      00968         ADDWF   r0x02, F
00A8 0E00      00969         MOVLW   HIGH(_LCDText)
00AA 2200      00970         ADDWFC  r0x03, F
00AC 0E00      00971         MOVLW   LOW(_DisplayWORD_WDigit_1_1)
00AE 2400      00972         ADDWF   r0x01, W
gpasm-0.13.7 beta               Objects/clock.asm11-18-2017  11:12:32         PAGE 19


LOC  OBJECT CODE     LINE SOURCE TEXT
  VALUE
 
00B0 6E00      00973         MOVWF   r0x04
00B2 6A00      00974         CLRF    r0x05
00B4 0E00      00975         MOVLW   HIGH(_DisplayWORD_WDigit_1_1)
00B6 2200      00976         ADDWFC  r0x05, F
00B8 C000 FFE9 00977         MOVFF   r0x04, FSR0L
00BC C000 FFEA 00978         MOVFF   r0x05, FSR0H
00C0 CFEF F000 00979         MOVFF   INDF0, r0x04
00C4 C000 FFE9 00980         MOVFF   r0x02, FSR0L
00C8 C000 FFEA 00981         MOVFF   r0x03, FSR0H
00CC C000 FFEF 00982         MOVFF   r0x04, INDF0
               00983 ;       .line   123; clock.c    for(j = 0; j < strlen((char*)WDigit); j++)
00D0 2A00      00984         INCF    r0x01, F
00D2 D000      00985         BRA     _00147_DS_
00D4 00986 _00150_DS_:
               00987 ;       .line   127; clock.c    if(LCDPos < 32u)
00D4 C000 F000 00988         MOVFF   r0x00, r0x01
00D8 6A00      00989         CLRF    r0x02
00DA 0E00      00990         MOVLW   0x00
00DC 5C00      00991         SUBWF   r0x02, W
00DE E100      00992         BNZ     _00158_DS_
00E0 0E20      00993         MOVLW   0x20
00E2 5C00      00994         SUBWF   r0x01, W
00E4 00995 _00158_DS_:
00E4 E200      00996         BC      _00146_DS_
               00997 ;       .line   128; clock.c    LCDText[LCDPos] = 0;
00E6 6A00      00998         CLRF    r0x01
00E8 0E00      00999         MOVLW   LOW(_LCDText)
00EA 2600      01000         ADDWF   r0x00, F
00EC 0E00      01001         MOVLW   HIGH(_LCDText)
00EE 2200      01002         ADDWFC  r0x01, F
00F0 C000 FFE9 01003         MOVFF   r0x00, FSR0L
00F4 C000 FFEA 01004         MOVFF   r0x01, FSR0H
00F8 0E00      01005         MOVLW   0x00
00FA 6EEF      01006         MOVWF   INDF0
00FC 01007 _00146_DS_:
               01008 ;       .line   129; clock.c    LCDUpdate();
00FC EC00 F000 01009         CALL    _LCDUpdate
0100 CFE4 F000 01010         MOVFF   PREINC1, r0x05
0104 CFE4 F000 01011         MOVFF   PREINC1, r0x04
0108 CFE4 F000 01012         MOVFF   PREINC1, r0x03
010C CFE4 F000 01013         MOVFF   PREINC1, r0x02
0110 CFE4 F000 01014         MOVFF   PREINC1, r0x01
0114 CFE4 F000 01015         MOVFF   PREINC1, r0x00
0118 CFE4 FFD9 01016         MOVFF   PREINC1, FSR2L
011C 0012      01017         RETURN  
               01018 
               01019 ; ; Starting pCode block
               01020 S_clock__hour_isr       code
0000 01021 _hour_isr:
               01022 ;       .line   31; clock.c     void hour_isr (void) interrupt 2 {
0000 CFE8 FFE5 01023         MOVFF   WREG, POSTDEC1
0004 CFD8 FFE5 01024         MOVFF   STATUS, POSTDEC1
0008 CFE0 FFE5 01025         MOVFF   BSR, POSTDEC1
000C CFF3 FFE5 01026         MOVFF   PRODL, POSTDEC1
gpasm-0.13.7 beta               Objects/clock.asm11-18-2017  11:12:32         PAGE 20


LOC  OBJECT CODE     LINE SOURCE TEXT
  VALUE
 
0010 CFF4 FFE5 01027         MOVFF   PRODH, POSTDEC1
0014 CFE9 FFE5 01028         MOVFF   FSR0L, POSTDEC1
0018 CFEA FFE5 01029         MOVFF   FSR0H, POSTDEC1
001C CFFA FFE5 01030         MOVFF   PCLATH, POSTDEC1
0020 CFFB FFE5 01031         MOVFF   PCLATU, POSTDEC1
0024 CFD9 FFE5 01032         MOVFF   FSR2L, POSTDEC1
0028 CFE1 FFD9 01033         MOVFF   FSR1L, FSR2L
002C C000 FFE5 01034         MOVFF   r0x00, POSTDEC1
0030 C000 FFE5 01035         MOVFF   r0x01, POSTDEC1
0034 C000 FFE5 01036         MOVFF   r0x02, POSTDEC1
0038 C000 FFE5 01037         MOVFF   r0x03, POSTDEC1
003C C000 FFE5 01038         MOVFF   r0x04, POSTDEC1
0040 C000 FFE5 01039         MOVFF   r0x05, POSTDEC1
0044 C000 FFE5 01040         MOVFF   r0x06, POSTDEC1
0048 C000 FFE5 01041         MOVFF   r0x07, POSTDEC1
               01042 ;       .line   33; clock.c     DelayMs(50);
004C 0E08      01043         MOVLW   0x08
004E 6E00      01044         MOVWF   r0x00
0050 0E4C      01045         MOVLW   0x4c
0052 6E00      01046         MOVWF   r0x01
0054 0E01      01047         MOVLW   0x01
0056 6E00      01048         MOVWF   r0x02
0058 6A00      01049         CLRF    r0x03
005A 01050 _00110_DS_:
005A C000 F000 01051         MOVFF   r0x00, r0x04
005E C000 F000 01052         MOVFF   r0x01, r0x05
0062 C000 F000 01053         MOVFF   r0x02, r0x06
0066 C000 F000 01054         MOVFF   r0x03, r0x07
006A 0EFF      01055         MOVLW   0xff
006C 2600      01056         ADDWF   r0x00, F
006E 0EFF      01057         MOVLW   0xff
0070 2200      01058         ADDWFC  r0x01, F
0072 0EFF      01059         MOVLW   0xff
0074 2200      01060         ADDWFC  r0x02, F
0076 0EFF      01061         MOVLW   0xff
0078 2200      01062         ADDWFC  r0x03, F
007A 5000      01063         MOVF    r0x04, W
007C 1000      01064         IORWF   r0x05, W
007E 1000      01065         IORWF   r0x06, W
0080 1000      01066         IORWF   r0x07, W
0082 E100      01067         BNZ     _00110_DS_
0084 0000      01068         BANKSEL _hour
               01069 ;       .line   34; clock.c     if (hour == 23) {
0086 5100      01070         MOVF    _hour, W, B
0088 0A17      01071         XORLW   0x17
008A E100      01072         BNZ     _00125_DS_
008C 0000      01073         BANKSEL (_hour + 1)
008E 5100      01074         MOVF    (_hour + 1), W, B
0090 E000      01075         BZ      _00126_DS_
0092 01076 _00125_DS_:
0092 D000      01077         BRA     _00117_DS_
0094 01078 _00126_DS_:
0094 0000      01079         BANKSEL _hour
               01080 ;       .line   35; clock.c     hour = 0;
gpasm-0.13.7 beta               Objects/clock.asm11-18-2017  11:12:32         PAGE 21


LOC  OBJECT CODE     LINE SOURCE TEXT
  VALUE
 
0096 6B00      01081         CLRF    _hour, B
0098 0000      01082         BANKSEL (_hour + 1)
009A 6B00      01083         CLRF    (_hour + 1), B
009C D000      01084         BRA     _00118_DS_
009E 01085 _00117_DS_:
009E 0000      01086         BANKSEL _hour
               01087 ;       .line   37; clock.c     hour++;
00A0 2B00      01088         INCF    _hour, F, B
00A2 E300      01089         BNC     _10181_DS_
00A4 0000      01090         BANKSEL (_hour + 1)
00A6 2B00      01091         INCF    (_hour + 1), F, B
00A8 01092 _10181_DS_:
00A8 01093 _00118_DS_:
               01094 ;       .line   39; clock.c     sprintf(&timeValue[0], "%02d", hour);
00A8 0E00      01095         MOVLW   HIGH(_timeValue)
00AA 6E00      01096         MOVWF   r0x01
00AC 0E00      01097         MOVLW   LOW(_timeValue)
00AE 6E00      01098         MOVWF   r0x00
00B0 0E80      01099         MOVLW   0x80
00B2 6E00      01100         MOVWF   r0x02
00B4 0000      01101         BANKSEL (_hour + 1)
00B6 5100      01102         MOVF    (_hour + 1), W, B
00B8 6EE5      01103         MOVWF   POSTDEC1
00BA 0000      01104         BANKSEL _hour
00BC 5100      01105         MOVF    _hour, W, B
00BE 6EE5      01106         MOVWF   POSTDEC1
00C0 0E00      01107         MOVLW   UPPER(__str_0)
00C2 6EE5      01108         MOVWF   POSTDEC1
00C4 0E00      01109         MOVLW   HIGH(__str_0)
00C6 6EE5      01110         MOVWF   POSTDEC1
00C8 0E00      01111         MOVLW   LOW(__str_0)
00CA 6EE5      01112         MOVWF   POSTDEC1
00CC 5000      01113         MOVF    r0x02, W
00CE 6EE5      01114         MOVWF   POSTDEC1
00D0 5000      01115         MOVF    r0x01, W
00D2 6EE5      01116         MOVWF   POSTDEC1
00D4 5000      01117         MOVF    r0x00, W
00D6 6EE5      01118         MOVWF   POSTDEC1
00D8 EC00 F000 01119         CALL    _sprintf
00DC 0E08      01120         MOVLW   0x08
00DE 26E1      01121         ADDWF   FSR1L, F
               01122 ;       .line   40; clock.c     DisplayString(16, timeValue);
00E0 0E00      01123         MOVLW   HIGH(_timeValue)
00E2 6E00      01124         MOVWF   r0x01
00E4 0E00      01125         MOVLW   LOW(_timeValue)
00E6 6E00      01126         MOVWF   r0x00
00E8 0E80      01127         MOVLW   0x80
00EA 6E00      01128         MOVWF   r0x02
00EC 5000      01129         MOVF    r0x02, W
00EE 6EE5      01130         MOVWF   POSTDEC1
00F0 5000      01131         MOVF    r0x01, W
00F2 6EE5      01132         MOVWF   POSTDEC1
00F4 5000      01133         MOVF    r0x00, W
00F6 6EE5      01134         MOVWF   POSTDEC1
gpasm-0.13.7 beta               Objects/clock.asm11-18-2017  11:12:32         PAGE 22


LOC  OBJECT CODE     LINE SOURCE TEXT
  VALUE
 
00F8 0E10      01135         MOVLW   0x10
00FA 6EE5      01136         MOVWF   POSTDEC1
00FC EC00 F000 01137         CALL    _DisplayString
0100 0E04      01138         MOVLW   0x04
0102 26E1      01139         ADDWF   FSR1L, F
               01140 ; ;;!!! pic16_aopOp:1071 called for a spillLocation -- assigning WREG instead --- CHECK
               01141 ;       .line   41; clock.c     if(BUTTON0_IO);  //just read the bit
0104 6AE8      01142         CLRF    WREG
0106 B600      01143         BTFSC   _PORTBbits, 3
0108 2AE8      01144         INCF    WREG, F
               01145 ;       .line   42; clock.c     INTCON3bits.INT1F  = 0;   //clear INT1 flag
010A 9000      01146         BCF     _INTCON3bits, 0
010C CFE4 F000 01147         MOVFF   PREINC1, r0x07
0110 CFE4 F000 01148         MOVFF   PREINC1, r0x06
0114 CFE4 F000 01149         MOVFF   PREINC1, r0x05
0118 CFE4 F000 01150         MOVFF   PREINC1, r0x04
011C CFE4 F000 01151         MOVFF   PREINC1, r0x03
0120 CFE4 F000 01152         MOVFF   PREINC1, r0x02
0124 CFE4 F000 01153         MOVFF   PREINC1, r0x01
0128 CFE4 F000 01154         MOVFF   PREINC1, r0x00
012C CFE4 FFD9 01155         MOVFF   PREINC1, FSR2L
0130 CFE4 FFFB 01156         MOVFF   PREINC1, PCLATU
0134 CFE4 FFFA 01157         MOVFF   PREINC1, PCLATH
0138 CFE4 FFEA 01158         MOVFF   PREINC1, FSR0H
013C CFE4 FFE9 01159         MOVFF   PREINC1, FSR0L
0140 CFE4 FFF4 01160         MOVFF   PREINC1, PRODH
0144 CFE4 FFF3 01161         MOVFF   PREINC1, PRODL
0148 CFE4 FFE0 01162         MOVFF   PREINC1, BSR
014C CFE4 FFD8 01163         MOVFF   PREINC1, STATUS
0150 CFE4 FFE8 01164         MOVFF   PREINC1, WREG
0154 0010      01165         RETFIE  
               01166 
               01167 ; ; Starting pCode block
               01168 S_clock__updateTime     code
0000 01169 _updateTime:
               01170 ;       .line   23; clock.c     void updateTime(char* timeValue, int hour, int min) {
0000 CFD9 FFE5 01171         MOVFF   FSR2L, POSTDEC1
0004 CFE1 FFD9 01172         MOVFF   FSR1L, FSR2L
0008 C000 FFE5 01173         MOVFF   r0x00, POSTDEC1
000C C000 FFE5 01174         MOVFF   r0x01, POSTDEC1
0010 C000 FFE5 01175         MOVFF   r0x02, POSTDEC1
0014 C000 FFE5 01176         MOVFF   r0x03, POSTDEC1
0018 C000 FFE5 01177         MOVFF   r0x04, POSTDEC1
001C C000 FFE5 01178         MOVFF   r0x05, POSTDEC1
0020 C000 FFE5 01179         MOVFF   r0x06, POSTDEC1
0024 C000 FFE5 01180         MOVFF   r0x07, POSTDEC1
0028 0E02      01181         MOVLW   0x02
002A CFDB F000 01182         MOVFF   PLUSW2, r0x00
002E 0E03      01183         MOVLW   0x03
0030 CFDB F000 01184         MOVFF   PLUSW2, r0x01
0034 0E04      01185         MOVLW   0x04
0036 CFDB F000 01186         MOVFF   PLUSW2, r0x02
003A 0E05      01187         MOVLW   0x05
003C CFDB F000 01188         MOVFF   PLUSW2, r0x03
gpasm-0.13.7 beta               Objects/clock.asm11-18-2017  11:12:32         PAGE 23


LOC  OBJECT CODE     LINE SOURCE TEXT
  VALUE
 
0040 0E06      01189         MOVLW   0x06
0042 CFDB F000 01190         MOVFF   PLUSW2, r0x04
0046 0E07      01191         MOVLW   0x07
0048 CFDB F000 01192         MOVFF   PLUSW2, r0x05
004C 0E08      01193         MOVLW   0x08
004E CFDB F000 01194         MOVFF   PLUSW2, r0x06
               01195 ;       .line   24; clock.c     sprintf(&timeValue[0], "%02d", hour);
0052 5000      01196         MOVF    r0x04, W
0054 6EE5      01197         MOVWF   POSTDEC1
0056 5000      01198         MOVF    r0x03, W
0058 6EE5      01199         MOVWF   POSTDEC1
005A 0E00      01200         MOVLW   UPPER(__str_0)
005C 6EE5      01201         MOVWF   POSTDEC1
005E 0E00      01202         MOVLW   HIGH(__str_0)
0060 6EE5      01203         MOVWF   POSTDEC1
0062 0E00      01204         MOVLW   LOW(__str_0)
0064 6EE5      01205         MOVWF   POSTDEC1
0066 5000      01206         MOVF    r0x02, W
0068 6EE5      01207         MOVWF   POSTDEC1
006A 5000      01208         MOVF    r0x01, W
006C 6EE5      01209         MOVWF   POSTDEC1
006E 5000      01210         MOVF    r0x00, W
0070 6EE5      01211         MOVWF   POSTDEC1
0072 EC00 F000 01212         CALL    _sprintf
0076 0E08      01213         MOVLW   0x08
0078 26E1      01214         ADDWF   FSR1L, F
               01215 ;       .line   25; clock.c     timeValue[2] = ':';
007A 5000      01216         MOVF    r0x00, W
007C 0F02      01217         ADDLW   0x02
007E 6E00      01218         MOVWF   r0x03
0080 0E00      01219         MOVLW   0x00
0082 2000      01220         ADDWFC  r0x01, W
0084 6E00      01221         MOVWF   r0x04
0086 0E00      01222         MOVLW   0x00
0088 2000      01223         ADDWFC  r0x02, W
008A 6E00      01224         MOVWF   r0x07
008C 0E3A      01225         MOVLW   0x3a
008E 6EE5      01226         MOVWF   POSTDEC1
0090 C000 FFE9 01227         MOVFF   r0x03, FSR0L
0094 C000 FFF3 01228         MOVFF   r0x04, PRODL
0098 5000      01229         MOVF    r0x07, W
009A EC00 F000 01230         CALL    __gptrput1
               01231 ;       .line   26; clock.c     sprintf(&timeValue[3], "%02d", min);
009E 5000      01232         MOVF    r0x00, W
00A0 0F03      01233         ADDLW   0x03
00A2 6E00      01234         MOVWF   r0x03
00A4 0E00      01235         MOVLW   0x00
00A6 2000      01236         ADDWFC  r0x01, W
00A8 6E00      01237         MOVWF   r0x04
00AA 0E00      01238         MOVLW   0x00
00AC 2000      01239         ADDWFC  r0x02, W
00AE 6E00      01240         MOVWF   r0x07
00B0 5000      01241         MOVF    r0x06, W
00B2 6EE5      01242         MOVWF   POSTDEC1
gpasm-0.13.7 beta               Objects/clock.asm11-18-2017  11:12:32         PAGE 24


LOC  OBJECT CODE     LINE SOURCE TEXT
  VALUE
 
00B4 5000      01243         MOVF    r0x05, W
00B6 6EE5      01244         MOVWF   POSTDEC1
00B8 0E00      01245         MOVLW   UPPER(__str_0)
00BA 6EE5      01246         MOVWF   POSTDEC1
00BC 0E00      01247         MOVLW   HIGH(__str_0)
00BE 6EE5      01248         MOVWF   POSTDEC1
00C0 0E00      01249         MOVLW   LOW(__str_0)
00C2 6EE5      01250         MOVWF   POSTDEC1
00C4 5000      01251         MOVF    r0x07, W
00C6 6EE5      01252         MOVWF   POSTDEC1
00C8 5000      01253         MOVF    r0x04, W
00CA 6EE5      01254         MOVWF   POSTDEC1
00CC 5000      01255         MOVF    r0x03, W
00CE 6EE5      01256         MOVWF   POSTDEC1
00D0 EC00 F000 01257         CALL    _sprintf
00D4 0E08      01258         MOVLW   0x08
00D6 26E1      01259         ADDWF   FSR1L, F
               01260 ;       .line   27; clock.c     DisplayString(16, timeValue);
00D8 5000      01261         MOVF    r0x02, W
00DA 6EE5      01262         MOVWF   POSTDEC1
00DC 5000      01263         MOVF    r0x01, W
00DE 6EE5      01264         MOVWF   POSTDEC1
00E0 5000      01265         MOVF    r0x00, W
00E2 6EE5      01266         MOVWF   POSTDEC1
00E4 0E10      01267         MOVLW   0x10
00E6 6EE5      01268         MOVWF   POSTDEC1
00E8 EC00 F000 01269         CALL    _DisplayString
00EC 0E04      01270         MOVLW   0x04
00EE 26E1      01271         ADDWF   FSR1L, F
00F0 CFE4 F000 01272         MOVFF   PREINC1, r0x07
00F4 CFE4 F000 01273         MOVFF   PREINC1, r0x06
00F8 CFE4 F000 01274         MOVFF   PREINC1, r0x05
00FC CFE4 F000 01275         MOVFF   PREINC1, r0x04
0100 CFE4 F000 01276         MOVFF   PREINC1, r0x03
0104 CFE4 F000 01277         MOVFF   PREINC1, r0x02
0108 CFE4 F000 01278         MOVFF   PREINC1, r0x01
010C CFE4 F000 01279         MOVFF   PREINC1, r0x00
0110 CFE4 FFD9 01280         MOVFF   PREINC1, FSR2L
0114 0012      01281         RETURN  
               01282 
               01283 ; ; Starting pCode block
0116 01284 __str_0:
0116 3025 6432 01285         DB      0x25, 0x30, 0x32, 0x64, 0x00
     0000      
               01286 ; ; Starting pCode block
011C 01287 __str_1:
011C 6E45 6574 01288         DB      0x45, 0x6e, 0x74, 0x65, 0x72, 0x20, 0x74, 0x68, 0x65, 0x20, 0x74, 0x69
     2072 6874 
     2065 6974 
0128 656D 003A 01289         DB      0x6d, 0x65, 0x3a, 0x00
               01290 ; ; Starting pCode block
012C 01291 __str_2:
012C 3030 303A 01292         DB      0x30, 0x30, 0x3a, 0x30, 0x30, 0x00
     0030      
gpasm-0.13.7 beta               Objects/clock.asm11-18-2017  11:12:32         PAGE 25


LOC  OBJECT CODE     LINE SOURCE TEXT
  VALUE
 
               01293 
               01294 
               01295 ; Statistics:
               01296 ; code size:     1826 (0x0722) bytes ( 1.39%)
               01297 ;                 913 (0x0391) words
               01298 ; udata size:      12 (0x000c) bytes ( 0.31%)
               01299 ; access size:     22 (0x0016) bytes
               01300 
               01301 
gpasm-0.13.7 beta               Objects/clock.asm11-18-2017  11:12:32         PAGE 26


SYMBOL TABLE
  LABEL                             VALUE 

BSR                               00000FE0
FSR0H                             00000FEA
FSR0L                             00000FE9
FSR1L                             00000FE1
FSR2L                             00000FD9
INDF0                             00000FEF
PCLATH                            00000FFA
PCLATU                            00000FFB
PLUSW2                            00000FDB
POSTDEC1                          00000FE5
PREINC1                           00000FE4
PRODH                             00000FF4
PRODL                             00000FF3
STATUS                            00000FD8
WREG                              00000FE8
_00110_DS_                        0000005A
_00117_DS_                        0000009E
_00118_DS_                        000000A8
_00125_DS_                        00000092
_00126_DS_                        00000094
_00131_DS_                        00000012
_00138_DS_                        0000007A
_00146_DS_                        000000FC
_00147_DS_                        0000005C
_00150_DS_                        000000D4
_00157_DS_                        0000009A
_00158_DS_                        000000E4
_00163_DS_                        00000090
_00167_DS_                        000000DE
_00171_DS_                        00000088
_00183_DS_                        000000CC
_00187_DS_                        00000134
_00190_DS_                        0000015E
_00194_DS_                        00000188
_00201_DS_                        00000152
_00202_DS_                        00000114
_10181_DS_                        000000A8
_ADCON0                           00000000
_ADCON0bits                       00000000
_ADCON1                           00000000
_ADCON1bits                       00000000
_ADCON2                           00000000
_ADCON2bits                       00000000
_ADRES                            00000000
_ADRESH                           00000000
_ADRESL                           00000000
_BAUDCON                          00000000
_BAUDCON1                         00000000
_BAUDCON1bits                     00000000
_BAUDCON2                         00000000
_BAUDCON2bits                     00000000
_BAUDCONbits                      00000000
_BAUDCTL                          00000000
gpasm-0.13.7 beta               Objects/clock.asm11-18-2017  11:12:32         PAGE 27


LOC  OBJECT CODE     LINE SOURCE TEXT
  VALUE
 
_BAUDCTL1                         00000000
_BAUDCTL1bits                     00000000
_BAUDCTL2                         00000000
_BAUDCTL2bits                     00000000
_BAUDCTLbits                      00000000
_BSR                              00000000
_CCP1CON                          00000000
_CCP1CONbits                      00000000
_CCP2CON                          00000000
_CCP2CONbits                      00000000
_CCP3CON                          00000000
_CCP3CONbits                      00000000
_CCP4CON                          00000000
_CCP4CONbits                      00000000
_CCP5CON                          00000000
_CCP5CONbits                      00000000
_CCPR1                            00000000
_CCPR1H                           00000000
_CCPR1L                           00000000
_CCPR2                            00000000
_CCPR2H                           00000000
_CCPR2L                           00000000
_CCPR3                            00000000
_CCPR3H                           00000000
_CCPR3L                           00000000
_CCPR4                            00000000
_CCPR4H                           00000000
_CCPR4L                           00000000
_CCPR5                            00000000
_CCPR5H                           00000000
_CCPR5L                           00000000
_CMCON                            00000000
_CMCONbits                        00000000
_CVRCON                           00000000
_CVRCONbits                       00000000
_DDRA                             00000000
_DDRAbits                         00000000
_DDRB                             00000000
_DDRBbits                         00000000
_DDRC                             00000000
_DDRCbits                         00000000
_DDRD                             00000000
_DDRDbits                         00000000
_DDRE                             00000000
_DDREbits                         00000000
_DDRF                             00000000
_DDRFbits                         00000000
_DDRG                             00000000
_DDRGbits                         00000000
_DDRH                             00000000
_DDRHbits                         00000000
_DDRJ                             00000000
_DDRJbits                         00000000
_DisplayString                    00000000
gpasm-0.13.7 beta               Objects/clock.asm11-18-2017  11:12:32         PAGE 28


LOC  OBJECT CODE     LINE SOURCE TEXT
  VALUE
 
_DisplayWORD                      00000000
_DisplayWORD_WDigit_1_1           00000000
_EBSTCON                          00000000
_EBSTCONbits                      00000000
_EBSTCS                           00000000
_EBSTCSH                          00000000
_EBSTCSL                          00000000
_EBSTSD                           00000000
_ECCP1AS                          00000000
_ECCP1ASbits                      00000000
_ECCP1CON                         00000000
_ECCP1CONbits                     00000000
_ECCP1DEL                         00000000
_ECCP1DELbits                     00000000
_ECCP2AS                          00000000
_ECCP2ASbits                      00000000
_ECCP2CON                         00000000
_ECCP2CONbits                     00000000
_ECCP2DEL                         00000000
_ECCP2DELbits                     00000000
_ECCP3AS                          00000000
_ECCP3ASbits                      00000000
_ECCP3CON                         00000000
_ECCP3CONbits                     00000000
_ECCP3DEL                         00000000
_ECCP3DELbits                     00000000
_ECON1                            00000000
_ECON1bits                        00000000
_ECON2                            00000000
_ECON2bits                        00000000
_EDATA                            00000000
_EDATAbits                        00000000
_EDMACS                           00000000
_EDMACSH                          00000000
_EDMACSL                          00000000
_EDMADST                          00000000
_EDMADSTH                         00000000
_EDMADSTL                         00000000
_EDMAND                           00000000
_EDMANDH                          00000000
_EDMANDL                          00000000
_EDMAST                           00000000
_EDMASTH                          00000000
_EDMASTL                          00000000
_EECON1                           00000000
_EECON1bits                       00000000
_EECON2                           00000000
_EFLOCON                          00000000
_EFLOCONbits                      00000000
_EHT0                             00000000
_EHT1                             00000000
_EHT2                             00000000
_EHT3                             00000000
_EHT4                             00000000
gpasm-0.13.7 beta               Objects/clock.asm11-18-2017  11:12:32         PAGE 29


LOC  OBJECT CODE     LINE SOURCE TEXT
  VALUE
 
_EHT5                             00000000
_EHT6                             00000000
_EHT7                             00000000
_EIE                              00000000
_EIEbits                          00000000
_EIR                              00000000
_EIRbits                          00000000
_EPAUS                            00000000
_EPAUSH                           00000000
_EPAUSL                           00000000
_EPKTCNT                          00000000
_EPMCS                            00000000
_EPMCSH                           00000000
_EPMCSL                           00000000
_EPMM0                            00000000
_EPMM1                            00000000
_EPMM2                            00000000
_EPMM3                            00000000
_EPMM4                            00000000
_EPMM5                            00000000
_EPMM6                            00000000
_EPMM7                            00000000
_EPMO                             00000000
_EPMOH                            00000000
_EPMOL                            00000000
_ERDPT                            00000000
_ERDPTH                           00000000
_ERDPTL                           00000000
_ERXFCON                          00000000
_ERXFCONbits                      00000000
_ERXND                            00000000
_ERXNDH                           00000000
_ERXNDL                           00000000
_ERXRDPT                          00000000
_ERXRDPTH                         00000000
_ERXRDPTL                         00000000
_ERXST                            00000000
_ERXSTH                           00000000
_ERXSTL                           00000000
_ERXWRPT                          00000000
_ERXWRPTH                         00000000
_ERXWRPTL                         00000000
_ESTAT                            00000000
_ESTATbits                        00000000
_ETXND                            00000000
_ETXNDH                           00000000
_ETXNDL                           00000000
_ETXST                            00000000
_ETXSTH                           00000000
_ETXSTL                           00000000
_EWOLIE                           00000000
_EWOLIEbits                       00000000
_EWOLIR                           00000000
_EWOLIRbits                       00000000
gpasm-0.13.7 beta               Objects/clock.asm11-18-2017  11:12:32         PAGE 30


LOC  OBJECT CODE     LINE SOURCE TEXT
  VALUE
 
_EWRPT                            00000000
_EWRPTH                           00000000
_EWRPTL                           00000000
_FSR0H                            00000000
_FSR0L                            00000000
_FSR1H                            00000000
_FSR1L                            00000000
_FSR2H                            00000000
_FSR2L                            00000000
_INDF0                            00000000
_INDF1                            00000000
_INDF2                            00000000
_INTCON                           00000000
_INTCON2                          00000000
_INTCON2bits                      00000000
_INTCON3                          00000000
_INTCON3bits                      00000000
_INTCONbits                       00000000
_IPR1                             00000000
_IPR1bits                         00000000
_IPR2                             00000000
_IPR2bits                         00000000
_IPR3                             00000000
_IPR3bits                         00000000
_LATA                             00000000
_LATAbits                         00000000
_LATB                             00000000
_LATBbits                         00000000
_LATC                             00000000
_LATCbits                         00000000
_LATD                             00000000
_LATDbits                         00000000
_LATE                             00000000
_LATEbits                         00000000
_LATF                             00000000
_LATFbits                         00000000
_LATG                             00000000
_LATGbits                         00000000
_LATH                             00000000
_LATHbits                         00000000
_LATJ                             00000000
_LATJbits                         00000000
_LCDInit                          00000000
_LCDText                          00000000
_LCDUpdate                        00000000
_MAADR1                           00000000
_MAADR2                           00000000
_MAADR3                           00000000
_MAADR4                           00000000
_MAADR5                           00000000
_MAADR6                           00000000
_MABBIPG                          00000000
_MACLCON1                         00000000
_MACLCON1bits                     00000000
gpasm-0.13.7 beta               Objects/clock.asm11-18-2017  11:12:32         PAGE 31


LOC  OBJECT CODE     LINE SOURCE TEXT
  VALUE
 
_MACLCON2                         00000000
_MACLCON2bits                     00000000
_MACON1                           00000000
_MACON1bits                       00000000
_MACON2                           00000000
_MACON2bits                       00000000
_MACON3                           00000000
_MACON3bits                       00000000
_MACON4                           00000000
_MACON4bits                       00000000
_MAIPG                            00000000
_MAIPGH                           00000000
_MAIPGL                           00000000
_MAMXFL                           00000000
_MAMXFLH                          00000000
_MAMXFLL                          00000000
_MEMCON                           00000000
_MEMCONbits                       00000000
_MICMD                            00000000
_MICMDbits                        00000000
_MICON                            00000000
_MICONbits                        00000000
_MIRD                             00000000
_MIRDH                            00000000
_MIRDL                            00000000
_MIREGADR                         00000000
_MISTAT                           00000000
_MISTATbits                       00000000
_MIWR                             00000000
_MIWRH                            00000000
_MIWRL                            00000000
_OSCCON                           00000000
_OSCCONbits                       00000000
_OSCTUNE                          00000000
_OSCTUNEbits                      00000000
_PC                               00000000
_PCL                              00000000
_PCLATH                           00000000
_PCLATU                           00000000
_PIE1                             00000000
_PIE1bits                         00000000
_PIE2                             00000000
_PIE2bits                         00000000
_PIE3                             00000000
_PIE3bits                         00000000
_PIR1                             00000000
_PIR1bits                         00000000
_PIR2                             00000000
_PIR2bits                         00000000
_PIR3                             00000000
_PIR3bits                         00000000
_PLUSW0                           00000000
_PLUSW1                           00000000
_PLUSW2                           00000000
gpasm-0.13.7 beta               Objects/clock.asm11-18-2017  11:12:32         PAGE 32


LOC  OBJECT CODE     LINE SOURCE TEXT
  VALUE
 
_PORTA                            00000000
_PORTAbits                        00000000
_PORTB                            00000000
_PORTBbits                        00000000
_PORTC                            00000000
_PORTCbits                        00000000
_PORTD                            00000000
_PORTDbits                        00000000
_PORTE                            00000000
_PORTEbits                        00000000
_PORTF                            00000000
_PORTFbits                        00000000
_PORTG                            00000000
_PORTGbits                        00000000
_PORTH                            00000000
_PORTHbits                        00000000
_PORTJ                            00000000
_PORTJbits                        00000000
_POSTDEC0                         00000000
_POSTDEC1                         00000000
_POSTDEC2                         00000000
_POSTINC0                         00000000
_POSTINC1                         00000000
_POSTINC2                         00000000
_PR2                              00000000
_PR4                              00000000
_PREINC0                          00000000
_PREINC1                          00000000
_PREINC2                          00000000
_PROD                             00000000
_PRODH                            00000000
_PRODL                            00000000
_PSPCON                           00000000
_PSPCONbits                       00000000
_RCON                             00000000
_RCONbits                         00000000
_RCREG                            00000000
_RCREG1                           00000000
_RCREG2                           00000000
_RCSTA                            00000000
_RCSTA1                           00000000
_RCSTA1bits                       00000000
_RCSTA2                           00000000
_RCSTA2bits                       00000000
_RCSTAbits                        00000000
_SPBRG                            00000000
_SPBRG1                           00000000
_SPBRG2                           00000000
_SPBRGH                           00000000
_SPBRGH1                          00000000
_SPBRGH2                          00000000
_SSP1ADD                          00000000
_SSP1BUF                          00000000
_SSP1CON1                         00000000
gpasm-0.13.7 beta               Objects/clock.asm11-18-2017  11:12:32         PAGE 33


LOC  OBJECT CODE     LINE SOURCE TEXT
  VALUE
 
_SSP1CON1bits                     00000000
_SSP1CON2                         00000000
_SSP1CON2bits                     00000000
_SSP1STAT                         00000000
_SSP1STATbits                     00000000
_SSP2ADD                          00000000
_SSP2BUF                          00000000
_SSP2CON1                         00000000
_SSP2CON1bits                     00000000
_SSP2CON2                         00000000
_SSP2CON2bits                     00000000
_SSP2STAT                         00000000
_SSP2STATbits                     00000000
_SSPADD                           00000000
_SSPBUF                           00000000
_SSPCON1                          00000000
_SSPCON1bits                      00000000
_SSPCON2                          00000000
_SSPCON2bits                      00000000
_SSPSTAT                          00000000
_SSPSTATbits                      00000000
_STATUS                           00000000
_STATUSbits                       00000000
_STKPTR                           00000000
_STKPTRbits                       00000000
_T0CON                            00000000
_T0CONbits                        00000000
_T1CON                            00000000
_T1CONbits                        00000000
_T2CON                            00000000
_T2CONbits                        00000000
_T3CON                            00000000
_T3CONbits                        00000000
_T4CON                            00000000
_T4CONbits                        00000000
_TABLAT                           00000000
_TBLPTR                           00000000
_TBLPTRH                          00000000
_TBLPTRL                          00000000
_TBLPTRU                          00000000
_TMR0H                            00000000
_TMR0L                            00000000
_TMR1H                            00000000
_TMR1L                            00000000
_TMR2                             00000000
_TMR3H                            00000000
_TMR3L                            00000000
_TMR4                             00000000
_TOS                              00000000
_TOSH                             00000000
_TOSL                             00000000
_TOSU                             00000000
_TRISA                            00000000
_TRISAbits                        00000000
gpasm-0.13.7 beta               Objects/clock.asm11-18-2017  11:12:32         PAGE 34


LOC  OBJECT CODE     LINE SOURCE TEXT
  VALUE
 
_TRISB                            00000000
_TRISBbits                        00000000
_TRISC                            00000000
_TRISCbits                        00000000
_TRISD                            00000000
_TRISDbits                        00000000
_TRISE                            00000000
_TRISEbits                        00000000
_TRISF                            00000000
_TRISFbits                        00000000
_TRISG                            00000000
_TRISGbits                        00000000
_TRISH                            00000000
_TRISHbits                        00000000
_TRISJ                            00000000
_TRISJbits                        00000000
_TXREG                            00000000
_TXREG1                           00000000
_TXREG2                           00000000
_TXSTA                            00000000
_TXSTA1                           00000000
_TXSTA1bits                       00000000
_TXSTA2                           00000000
_TXSTA2bits                       00000000
_TXSTAbits                        00000000
_WDTCON                           00000000
_WDTCONbits                       00000000
_WREG                             00000000
__18F97J60                        00000001
__gptrget1                        00000000
__gptrput1                        00000000
__str_0                           00000116
__str_1                           0000011C
__str_2                           0000012C
_hour                             00000000
_hour_isr                         00000000
_main                             00000000
_min                              00000002
_sprintf                          00000000
_stdin                            00000000
_stdout                           00000000
_strlcpy                          00000000
_strlen                           00000000
_timeValue                        00000000
_ultoa                            00000000
_updateTime                       00000000
ivec_0x2_hour_isr                 00000018
r0x00                             00000000
r0x01                             00000001
r0x02                             00000002
r0x03                             00000003
r0x04                             00000004
r0x05                             00000005
r0x06                             00000006
gpasm-0.13.7 beta               Objects/clock.asm11-18-2017  11:12:32         PAGE 35


LOC  OBJECT CODE     LINE SOURCE TEXT
  VALUE
 
r0x07                             00000007
r0x08                             00000008
r0x09                             00000009
r0x0a                             0000000A
r0x0b                             0000000B
r0x0c                             0000000C
r0x0d                             0000000D
r0x0e                             0000000E
r0x0f                             0000000F
r0x10                             00000010
r0x11                             00000011
r0x12                             00000012
r0x13                             00000013
r0x14                             00000014
r0x15                             00000015


Errors   :       0
Warnings :       0 reported,       0 suppressed
Messages :       0 reported,       0 suppressed

