gpasm-0.13.7 beta               Objects/exercise1.asm11-14-2017  17:38:15         PAGE  1


LOC  OBJECT CODE     LINE SOURCE TEXT
  VALUE
 
               00001 ;--------------------------------------------------------
               00002 ; File Created by SDCC : free open source ANSI-C Compiler
               00003 ; Version 2.9.4 #5595 (Nov 14 2017) (UNIX)
               00004 ; This file was generated Tue Nov 14 17:38:15 2017
               00005 ;--------------------------------------------------------
               00006 ; PIC16 port for the Microchip 16-bit core micros
               00007 ;--------------------------------------------------------
               00008         list    p=18f97j60
               00009 
               00010         radix dec
               00011 
               00012 ;--------------------------------------------------------
               00013 ; public variables in this module
               00014 ;--------------------------------------------------------
               00015         global _DisplayWORD
               00016         global _DisplayString
               00017         global _strlcpy
               00018         global _delay_1ms
               00019         global _delay_ms
               00020         global _main
               00021 
               00022 ;--------------------------------------------------------
               00023 ; extern variables in this module
               00024 ;--------------------------------------------------------
               00025         extern __gptrget1
               00026         extern __gptrput1
               00027         extern _EBSTCONbits
               00028         extern _MISTATbits
               00029         extern _EFLOCONbits
               00030         extern _MACON1bits
               00031         extern _MACON2bits
               00032         extern _MACON3bits
               00033         extern _MACON4bits
               00034         extern _MACLCON1bits
               00035         extern _MACLCON2bits
               00036         extern _MICONbits
               00037         extern _MICMDbits
               00038         extern _EWOLIEbits
               00039         extern _EWOLIRbits
               00040         extern _ERXFCONbits
               00041         extern _EIEbits
               00042         extern _ESTATbits
               00043         extern _ECON2bits
               00044         extern _EIRbits
               00045         extern _EDATAbits
               00046         extern _SSP2CON2bits
               00047         extern _SSP2CON1bits
               00048         extern _SSP2STATbits
               00049         extern _ECCP2DELbits
               00050         extern _ECCP2ASbits
               00051         extern _ECCP3DELbits
               00052         extern _ECCP3ASbits
               00053         extern _RCSTA2bits
               00054         extern _TXSTA2bits
gpasm-0.13.7 beta               Objects/exercise1.asm11-14-2017  17:38:15         PAGE  2


LOC  OBJECT CODE     LINE SOURCE TEXT
  VALUE
 
               00055         extern _CCP5CONbits
               00056         extern _CCP4CONbits
               00057         extern _T4CONbits
               00058         extern _ECCP1DELbits
               00059         extern _BAUDCON2bits
               00060         extern _BAUDCTL2bits
               00061         extern _BAUDCONbits
               00062         extern _BAUDCON1bits
               00063         extern _BAUDCTLbits
               00064         extern _BAUDCTL1bits
               00065         extern _PORTAbits
               00066         extern _PORTBbits
               00067         extern _PORTCbits
               00068         extern _PORTDbits
               00069         extern _PORTEbits
               00070         extern _PORTFbits
               00071         extern _PORTGbits
               00072         extern _PORTHbits
               00073         extern _PORTJbits
               00074         extern _LATAbits
               00075         extern _LATBbits
               00076         extern _LATCbits
               00077         extern _LATDbits
               00078         extern _LATEbits
               00079         extern _LATFbits
               00080         extern _LATGbits
               00081         extern _LATHbits
               00082         extern _LATJbits
               00083         extern _DDRAbits
               00084         extern _TRISAbits
               00085         extern _DDRBbits
               00086         extern _TRISBbits
               00087         extern _DDRCbits
               00088         extern _TRISCbits
               00089         extern _DDRDbits
               00090         extern _TRISDbits
               00091         extern _DDREbits
               00092         extern _TRISEbits
               00093         extern _DDRFbits
               00094         extern _TRISFbits
               00095         extern _DDRGbits
               00096         extern _TRISGbits
               00097         extern _DDRHbits
               00098         extern _TRISHbits
               00099         extern _DDRJbits
               00100         extern _TRISJbits
               00101         extern _OSCTUNEbits
               00102         extern _MEMCONbits
               00103         extern _PIE1bits
               00104         extern _PIR1bits
               00105         extern _IPR1bits
               00106         extern _PIE2bits
               00107         extern _PIR2bits
               00108         extern _IPR2bits
gpasm-0.13.7 beta               Objects/exercise1.asm11-14-2017  17:38:15         PAGE  3


LOC  OBJECT CODE     LINE SOURCE TEXT
  VALUE
 
               00109         extern _PIE3bits
               00110         extern _PIR3bits
               00111         extern _IPR3bits
               00112         extern _EECON1bits
               00113         extern _RCSTAbits
               00114         extern _RCSTA1bits
               00115         extern _TXSTAbits
               00116         extern _TXSTA1bits
               00117         extern _PSPCONbits
               00118         extern _T3CONbits
               00119         extern _CMCONbits
               00120         extern _CVRCONbits
               00121         extern _ECCP1ASbits
               00122         extern _CCP3CONbits
               00123         extern _ECCP3CONbits
               00124         extern _CCP2CONbits
               00125         extern _ECCP2CONbits
               00126         extern _CCP1CONbits
               00127         extern _ECCP1CONbits
               00128         extern _ADCON2bits
               00129         extern _ADCON1bits
               00130         extern _ADCON0bits
               00131         extern _SSP1CON2bits
               00132         extern _SSPCON2bits
               00133         extern _SSP1CON1bits
               00134         extern _SSPCON1bits
               00135         extern _SSP1STATbits
               00136         extern _SSPSTATbits
               00137         extern _T2CONbits
               00138         extern _T1CONbits
               00139         extern _RCONbits
               00140         extern _WDTCONbits
               00141         extern _ECON1bits
               00142         extern _OSCCONbits
               00143         extern _T0CONbits
               00144         extern _STATUSbits
               00145         extern _INTCON3bits
               00146         extern _INTCON2bits
               00147         extern _INTCONbits
               00148         extern _STKPTRbits
               00149         extern _stdin
               00150         extern _stdout
               00151         extern _LCDText
               00152         extern _MAADR5
               00153         extern _MAADR6
               00154         extern _MAADR3
               00155         extern _MAADR4
               00156         extern _MAADR1
               00157         extern _MAADR2
               00158         extern _EBSTSD
               00159         extern _EBSTCON
               00160         extern _EBSTCS
               00161         extern _EBSTCSL
               00162         extern _EBSTCSH
gpasm-0.13.7 beta               Objects/exercise1.asm11-14-2017  17:38:15         PAGE  4


LOC  OBJECT CODE     LINE SOURCE TEXT
  VALUE
 
               00163         extern _MISTAT
               00164         extern _EFLOCON
               00165         extern _EPAUS
               00166         extern _EPAUSL
               00167         extern _EPAUSH
               00168         extern _MACON1
               00169         extern _MACON2
               00170         extern _MACON3
               00171         extern _MACON4
               00172         extern _MABBIPG
               00173         extern _MAIPG
               00174         extern _MAIPGL
               00175         extern _MAIPGH
               00176         extern _MACLCON1
               00177         extern _MACLCON2
               00178         extern _MAMXFL
               00179         extern _MAMXFLL
               00180         extern _MAMXFLH
               00181         extern _MICON
               00182         extern _MICMD
               00183         extern _MIREGADR
               00184         extern _MIWR
               00185         extern _MIWRL
               00186         extern _MIWRH
               00187         extern _MIRD
               00188         extern _MIRDL
               00189         extern _MIRDH
               00190         extern _EHT0
               00191         extern _EHT1
               00192         extern _EHT2
               00193         extern _EHT3
               00194         extern _EHT4
               00195         extern _EHT5
               00196         extern _EHT6
               00197         extern _EHT7
               00198         extern _EPMM0
               00199         extern _EPMM1
               00200         extern _EPMM2
               00201         extern _EPMM3
               00202         extern _EPMM4
               00203         extern _EPMM5
               00204         extern _EPMM6
               00205         extern _EPMM7
               00206         extern _EPMCS
               00207         extern _EPMCSL
               00208         extern _EPMCSH
               00209         extern _EPMO
               00210         extern _EPMOL
               00211         extern _EPMOH
               00212         extern _EWOLIE
               00213         extern _EWOLIR
               00214         extern _ERXFCON
               00215         extern _EPKTCNT
               00216         extern _EWRPT
gpasm-0.13.7 beta               Objects/exercise1.asm11-14-2017  17:38:15         PAGE  5


LOC  OBJECT CODE     LINE SOURCE TEXT
  VALUE
 
               00217         extern _EWRPTL
               00218         extern _EWRPTH
               00219         extern _ETXST
               00220         extern _ETXSTL
               00221         extern _ETXSTH
               00222         extern _ETXND
               00223         extern _ETXNDL
               00224         extern _ETXNDH
               00225         extern _ERXST
               00226         extern _ERXSTL
               00227         extern _ERXSTH
               00228         extern _ERXND
               00229         extern _ERXNDL
               00230         extern _ERXNDH
               00231         extern _ERXRDPT
               00232         extern _ERXRDPTL
               00233         extern _ERXRDPTH
               00234         extern _ERXWRPT
               00235         extern _ERXWRPTL
               00236         extern _ERXWRPTH
               00237         extern _EDMAST
               00238         extern _EDMASTL
               00239         extern _EDMASTH
               00240         extern _EDMAND
               00241         extern _EDMANDL
               00242         extern _EDMANDH
               00243         extern _EDMADST
               00244         extern _EDMADSTL
               00245         extern _EDMADSTH
               00246         extern _EDMACS
               00247         extern _EDMACSL
               00248         extern _EDMACSH
               00249         extern _EIE
               00250         extern _ESTAT
               00251         extern _ECON2
               00252         extern _EIR
               00253         extern _EDATA
               00254         extern _SSP2CON2
               00255         extern _SSP2CON1
               00256         extern _SSP2STAT
               00257         extern _SSP2ADD
               00258         extern _SSP2BUF
               00259         extern _ECCP2DEL
               00260         extern _ECCP2AS
               00261         extern _ECCP3DEL
               00262         extern _ECCP3AS
               00263         extern _RCSTA2
               00264         extern _TXSTA2
               00265         extern _TXREG2
               00266         extern _RCREG2
               00267         extern _SPBRG2
               00268         extern _CCP5CON
               00269         extern _CCPR5
               00270         extern _CCPR5L
gpasm-0.13.7 beta               Objects/exercise1.asm11-14-2017  17:38:15         PAGE  6


LOC  OBJECT CODE     LINE SOURCE TEXT
  VALUE
 
               00271         extern _CCPR5H
               00272         extern _CCP4CON
               00273         extern _CCPR4
               00274         extern _CCPR4L
               00275         extern _CCPR4H
               00276         extern _T4CON
               00277         extern _PR4
               00278         extern _TMR4
               00279         extern _ECCP1DEL
               00280         extern _ERDPT
               00281         extern _ERDPTL
               00282         extern _ERDPTH
               00283         extern _BAUDCON2
               00284         extern _BAUDCTL2
               00285         extern _SPBRGH2
               00286         extern _BAUDCON
               00287         extern _BAUDCON1
               00288         extern _BAUDCTL
               00289         extern _BAUDCTL1
               00290         extern _SPBRGH
               00291         extern _SPBRGH1
               00292         extern _PORTA
               00293         extern _PORTB
               00294         extern _PORTC
               00295         extern _PORTD
               00296         extern _PORTE
               00297         extern _PORTF
               00298         extern _PORTG
               00299         extern _PORTH
               00300         extern _PORTJ
               00301         extern _LATA
               00302         extern _LATB
               00303         extern _LATC
               00304         extern _LATD
               00305         extern _LATE
               00306         extern _LATF
               00307         extern _LATG
               00308         extern _LATH
               00309         extern _LATJ
               00310         extern _DDRA
               00311         extern _TRISA
               00312         extern _DDRB
               00313         extern _TRISB
               00314         extern _DDRC
               00315         extern _TRISC
               00316         extern _DDRD
               00317         extern _TRISD
               00318         extern _DDRE
               00319         extern _TRISE
               00320         extern _DDRF
               00321         extern _TRISF
               00322         extern _DDRG
               00323         extern _TRISG
               00324         extern _DDRH
gpasm-0.13.7 beta               Objects/exercise1.asm11-14-2017  17:38:15         PAGE  7


LOC  OBJECT CODE     LINE SOURCE TEXT
  VALUE
 
               00325         extern _TRISH
               00326         extern _DDRJ
               00327         extern _TRISJ
               00328         extern _OSCTUNE
               00329         extern _MEMCON
               00330         extern _PIE1
               00331         extern _PIR1
               00332         extern _IPR1
               00333         extern _PIE2
               00334         extern _PIR2
               00335         extern _IPR2
               00336         extern _PIE3
               00337         extern _PIR3
               00338         extern _IPR3
               00339         extern _EECON1
               00340         extern _EECON2
               00341         extern _RCSTA
               00342         extern _RCSTA1
               00343         extern _TXSTA
               00344         extern _TXSTA1
               00345         extern _TXREG
               00346         extern _TXREG1
               00347         extern _RCREG
               00348         extern _RCREG1
               00349         extern _SPBRG
               00350         extern _SPBRG1
               00351         extern _PSPCON
               00352         extern _T3CON
               00353         extern _TMR3L
               00354         extern _TMR3H
               00355         extern _CMCON
               00356         extern _CVRCON
               00357         extern _ECCP1AS
               00358         extern _CCP3CON
               00359         extern _ECCP3CON
               00360         extern _CCPR3
               00361         extern _CCPR3L
               00362         extern _CCPR3H
               00363         extern _CCP2CON
               00364         extern _ECCP2CON
               00365         extern _CCPR2
               00366         extern _CCPR2L
               00367         extern _CCPR2H
               00368         extern _CCP1CON
               00369         extern _ECCP1CON
               00370         extern _CCPR1
               00371         extern _CCPR1L
               00372         extern _CCPR1H
               00373         extern _ADCON2
               00374         extern _ADCON1
               00375         extern _ADCON0
               00376         extern _ADRES
               00377         extern _ADRESL
               00378         extern _ADRESH
gpasm-0.13.7 beta               Objects/exercise1.asm11-14-2017  17:38:15         PAGE  8


LOC  OBJECT CODE     LINE SOURCE TEXT
  VALUE
 
               00379         extern _SSP1CON2
               00380         extern _SSPCON2
               00381         extern _SSP1CON1
               00382         extern _SSPCON1
               00383         extern _SSP1STAT
               00384         extern _SSPSTAT
               00385         extern _SSP1ADD
               00386         extern _SSPADD
               00387         extern _SSP1BUF
               00388         extern _SSPBUF
               00389         extern _T2CON
               00390         extern _PR2
               00391         extern _TMR2
               00392         extern _T1CON
               00393         extern _TMR1L
               00394         extern _TMR1H
               00395         extern _RCON
               00396         extern _WDTCON
               00397         extern _ECON1
               00398         extern _OSCCON
               00399         extern _T0CON
               00400         extern _TMR0L
               00401         extern _TMR0H
               00402         extern _STATUS
               00403         extern _FSR2L
               00404         extern _FSR2H
               00405         extern _PLUSW2
               00406         extern _PREINC2
               00407         extern _POSTDEC2
               00408         extern _POSTINC2
               00409         extern _INDF2
               00410         extern _BSR
               00411         extern _FSR1L
               00412         extern _FSR1H
               00413         extern _PLUSW1
               00414         extern _PREINC1
               00415         extern _POSTDEC1
               00416         extern _POSTINC1
               00417         extern _INDF1
               00418         extern _WREG
               00419         extern _FSR0L
               00420         extern _FSR0H
               00421         extern _PLUSW0
               00422         extern _PREINC0
               00423         extern _POSTDEC0
               00424         extern _POSTINC0
               00425         extern _INDF0
               00426         extern _INTCON3
               00427         extern _INTCON2
               00428         extern _INTCON
               00429         extern _PROD
               00430         extern _PRODL
               00431         extern _PRODH
               00432         extern _TABLAT
gpasm-0.13.7 beta               Objects/exercise1.asm11-14-2017  17:38:15         PAGE  9


LOC  OBJECT CODE     LINE SOURCE TEXT
  VALUE
 
               00433         extern _TBLPTR
               00434         extern _TBLPTRL
               00435         extern _TBLPTRH
               00436         extern _TBLPTRU
               00437         extern _PC
               00438         extern _PCL
               00439         extern _PCLATH
               00440         extern _PCLATU
               00441         extern _STKPTR
               00442         extern _TOS
               00443         extern _TOSL
               00444         extern _TOSH
               00445         extern _TOSU
               00446         extern _ultoa
               00447         extern _strlen
               00448         extern _LCDInit
               00449         extern _LCDUpdate
               00450 ;--------------------------------------------------------
               00451 ;       Equates to used internal registers
               00452 ;--------------------------------------------------------
  00000FD8     00453 STATUS  equ     0xfd8
  00000FE8     00454 WREG    equ     0xfe8
  00000FE9     00455 FSR0L   equ     0xfe9
  00000FEA     00456 FSR0H   equ     0xfea
  00000FE1     00457 FSR1L   equ     0xfe1
  00000FD9     00458 FSR2L   equ     0xfd9
  00000FEF     00459 INDF0   equ     0xfef
  00000FE5     00460 POSTDEC1        equ     0xfe5
  00000FE4     00461 PREINC1 equ     0xfe4
  00000FDB     00462 PLUSW2  equ     0xfdb
  00000FF3     00463 PRODL   equ     0xff3
  00000FF4     00464 PRODH   equ     0xff4
               00465 
               00466 
               00467 ; Internal registers
               00468 .registers      udata_ovr       0x0000
               00469 r0x00   res     1
               00470 r0x01   res     1
               00471 r0x02   res     1
               00472 r0x03   res     1
               00473 r0x04   res     1
               00474 r0x05   res     1
               00475 r0x06   res     1
               00476 r0x07   res     1
               00477 r0x08   res     1
               00478 r0x09   res     1
               00479 r0x0a   res     1
               00480 r0x0b   res     1
               00481 r0x0c   res     1
               00482 r0x0d   res     1
               00483 r0x0e   res     1
               00484 r0x0f   res     1
               00485 r0x10   res     1
               00486 r0x11   res     1
gpasm-0.13.7 beta               Objects/exercise1.asm11-14-2017  17:38:15         PAGE 10


LOC  OBJECT CODE     LINE SOURCE TEXT
  VALUE
 
               00487 r0x12   res     1
               00488 r0x13   res     1
               00489 r0x14   res     1
               00490 r0x15   res     1
               00491 
               00492 udata_exercise1_0       udata
               00493 _DisplayWORD_WDigit_1_1 res     6
               00494 
               00495 ;--------------------------------------------------------
               00496 ; interrupt vector 
               00497 ;--------------------------------------------------------
               00498 
               00499 ;--------------------------------------------------------
               00500 ; global & static initialisations
               00501 ;--------------------------------------------------------
               00502 ; I code from now on!
               00503 ; ; Starting pCode block
               00504 S_exercise1__main       code
0000 00505 _main:
               00506 ;       .line   45; exercise1.c LCDInit();
0000 EC00 F000 00507         CALL    _LCDInit
               00508 ;       .line   46; exercise1.c DelayMs(100);
0004 0E10      00509         MOVLW   0x10
0006 6E00      00510         MOVWF   r0x00
0008 0E98      00511         MOVLW   0x98
000A 6E00      00512         MOVWF   r0x01
000C 0E02      00513         MOVLW   0x02
000E 6E00      00514         MOVWF   r0x02
0010 6A00      00515         CLRF    r0x03
0012 00516 _00121_DS_:
0012 C000 F000 00517         MOVFF   r0x00, r0x04
0016 C000 F000 00518         MOVFF   r0x01, r0x05
001A C000 F000 00519         MOVFF   r0x02, r0x06
001E C000 F000 00520         MOVFF   r0x03, r0x07
0022 0EFF      00521         MOVLW   0xff
0024 2600      00522         ADDWF   r0x00, F
0026 0EFF      00523         MOVLW   0xff
0028 2200      00524         ADDWFC  r0x01, F
002A 0EFF      00525         MOVLW   0xff
002C 2200      00526         ADDWFC  r0x02, F
002E 0EFF      00527         MOVLW   0xff
0030 2200      00528         ADDWFC  r0x03, F
0032 5000      00529         MOVF    r0x04, W
0034 1000      00530         IORWF   r0x05, W
0036 1000      00531         IORWF   r0x06, W
0038 1000      00532         IORWF   r0x07, W
003A E100      00533         BNZ     _00121_DS_
               00534 ;       .line   48; exercise1.c DisplayString (0,"Good morning, "); 
003C 0E00      00535         MOVLW   UPPER(__str_0)
003E 6EE5      00536         MOVWF   POSTDEC1
0040 0E00      00537         MOVLW   HIGH(__str_0)
0042 6EE5      00538         MOVWF   POSTDEC1
0044 0E00      00539         MOVLW   LOW(__str_0)
0046 6EE5      00540         MOVWF   POSTDEC1
gpasm-0.13.7 beta               Objects/exercise1.asm11-14-2017  17:38:15         PAGE 11


LOC  OBJECT CODE     LINE SOURCE TEXT
  VALUE
 
0048 0E00      00541         MOVLW   0x00
004A 6EE5      00542         MOVWF   POSTDEC1
004C EC00 F000 00543         CALL    _DisplayString
0050 0E04      00544         MOVLW   0x04
0052 26E1      00545         ADDWF   FSR1L, F
               00546 ;       .line   49; exercise1.c DisplayString (16, "Louvain-la-Neuve");    
0054 0E00      00547         MOVLW   UPPER(__str_1)
0056 6EE5      00548         MOVWF   POSTDEC1
0058 0E00      00549         MOVLW   HIGH(__str_1)
005A 6EE5      00550         MOVWF   POSTDEC1
005C 0E00      00551         MOVLW   LOW(__str_1)
005E 6EE5      00552         MOVWF   POSTDEC1
0060 0E10      00553         MOVLW   0x10
0062 6EE5      00554         MOVWF   POSTDEC1
0064 EC00 F000 00555         CALL    _DisplayString
0068 0E04      00556         MOVLW   0x04
006A 26E1      00557         ADDWF   FSR1L, F
               00558 ;       .line   50; exercise1.c LCDUpdate();
006C EC00 F000 00559         CALL    _LCDUpdate
               00560 ;       .line   52; exercise1.c TRISJbits.TRISJ1=0; // configure PORTJ1 for output (LED)
0070 9200      00561         BCF     _TRISJbits, 1
               00562 ;       .line   53; exercise1.c LATJbits.LATJ1=1; // switch LED off
0072 8200      00563         BSF     _LATJbits, 1
0074 00564 _00128_DS_:
               00565 ;       .line   55; exercise1.c delay_ms(1000);
0074 0E03      00566         MOVLW   0x03
0076 6EE5      00567         MOVWF   POSTDEC1
0078 0EE8      00568         MOVLW   0xe8
007A 6EE5      00569         MOVWF   POSTDEC1
007C EC00 F000 00570         CALL    _delay_ms
0080 0E02      00571         MOVLW   0x02
0082 26E1      00572         ADDWF   FSR1L, F
               00573 ;       .line   56; exercise1.c LATJbits.LATJ1^=1; // toggle LED
0084 6A00      00574         CLRF    r0x00
0086 B200      00575         BTFSC   _LATJbits, 1
0088 2A00      00576         INCF    r0x00, F
008A 0E01      00577         MOVLW   0x01
008C 1A00      00578         XORWF   r0x00, F
008E 5000      00579         MOVF    r0x00, W
0090 0B01      00580         ANDLW   0x01
0092 44E8      00581         RLNCF   WREG, W
0094 6EF4      00582         MOVWF   PRODH
0096 5000      00583         MOVF    _LATJbits, W
0098 0BFD      00584         ANDLW   0xfd
009A 10F4      00585         IORWF   PRODH, W
009C 6E00      00586         MOVWF   _LATJbits
009E D000      00587         BRA     _00128_DS_
00A0 0012      00588         RETURN  
               00589 
               00590 ; ; Starting pCode block
               00591 S_exercise1__strlcpy    code
0000 00592 _strlcpy:
               00593 ;       .line   159; exercise1.c        strlcpy(char *dst, const char *src, size_t siz) {
0000 CFD9 FFE5 00594         MOVFF   FSR2L, POSTDEC1
gpasm-0.13.7 beta               Objects/exercise1.asm11-14-2017  17:38:15         PAGE 12


LOC  OBJECT CODE     LINE SOURCE TEXT
  VALUE
 
0004 CFE1 FFD9 00595         MOVFF   FSR1L, FSR2L
0008 C000 FFE5 00596         MOVFF   r0x00, POSTDEC1
000C C000 FFE5 00597         MOVFF   r0x01, POSTDEC1
0010 C000 FFE5 00598         MOVFF   r0x02, POSTDEC1
0014 C000 FFE5 00599         MOVFF   r0x03, POSTDEC1
0018 C000 FFE5 00600         MOVFF   r0x04, POSTDEC1
001C C000 FFE5 00601         MOVFF   r0x05, POSTDEC1
0020 C000 FFE5 00602         MOVFF   r0x06, POSTDEC1
0024 C000 FFE5 00603         MOVFF   r0x07, POSTDEC1
0028 C000 FFE5 00604         MOVFF   r0x08, POSTDEC1
002C C000 FFE5 00605         MOVFF   r0x09, POSTDEC1
0030 C000 FFE5 00606         MOVFF   r0x0a, POSTDEC1
0034 C000 FFE5 00607         MOVFF   r0x0b, POSTDEC1
0038 C000 FFE5 00608         MOVFF   r0x0c, POSTDEC1
003C C000 FFE5 00609         MOVFF   r0x0d, POSTDEC1
0040 C000 FFE5 00610         MOVFF   r0x0e, POSTDEC1
0044 C000 FFE5 00611         MOVFF   r0x0f, POSTDEC1
0048 C000 FFE5 00612         MOVFF   r0x10, POSTDEC1
004C C000 FFE5 00613         MOVFF   r0x11, POSTDEC1
0050 C000 FFE5 00614         MOVFF   r0x12, POSTDEC1
0054 C000 FFE5 00615         MOVFF   r0x13, POSTDEC1
0058 C000 FFE5 00616         MOVFF   r0x14, POSTDEC1
005C C000 FFE5 00617         MOVFF   r0x15, POSTDEC1
0060 0E02      00618         MOVLW   0x02
0062 CFDB F000 00619         MOVFF   PLUSW2, r0x00
0066 0E03      00620         MOVLW   0x03
0068 CFDB F000 00621         MOVFF   PLUSW2, r0x01
006C 0E04      00622         MOVLW   0x04
006E CFDB F000 00623         MOVFF   PLUSW2, r0x02
0072 0E05      00624         MOVLW   0x05
0074 CFDB F000 00625         MOVFF   PLUSW2, r0x03
0078 0E06      00626         MOVLW   0x06
007A CFDB F000 00627         MOVFF   PLUSW2, r0x04
007E 0E07      00628         MOVLW   0x07
0080 CFDB F000 00629         MOVFF   PLUSW2, r0x05
0084 0E08      00630         MOVLW   0x08
0086 CFDB F000 00631         MOVFF   PLUSW2, r0x06
008A 0E09      00632         MOVLW   0x09
008C CFDB F000 00633         MOVFF   PLUSW2, r0x07
               00634 ;       .line   160; exercise1.c        char       *d = dst;
0090 C000 F000 00635         MOVFF   r0x00, r0x08
0094 C000 F000 00636         MOVFF   r0x01, r0x09
0098 C000 F000 00637         MOVFF   r0x02, r0x0a
               00638 ;       .line   161; exercise1.c        const char *s = src;
009C C000 F000 00639         MOVFF   r0x03, r0x0b
00A0 C000 F000 00640         MOVFF   r0x04, r0x0c
00A4 C000 F000 00641         MOVFF   r0x05, r0x0d
               00642 ;       .line   162; exercise1.c        size_t      n = siz;
00A8 C000 F000 00643         MOVFF   r0x06, r0x0e
00AC C000 F000 00644         MOVFF   r0x07, r0x0f
               00645 ;       .line   165; exercise1.c        if (n != 0)
00B0 5000      00646         MOVF    r0x06, W
00B2 1000      00647         IORWF   r0x07, W
00B4 B4D8      00648         BTFSC   STATUS, 2
gpasm-0.13.7 beta               Objects/exercise1.asm11-14-2017  17:38:15         PAGE 13


LOC  OBJECT CODE     LINE SOURCE TEXT
  VALUE
 
00B6 D000      00649         BRA     _00177_DS_
               00650 ;       .line   167; exercise1.c        while (--n != 0)
00B8 C000 F000 00651         MOVFF   r0x03, r0x10
00BC C000 F000 00652         MOVFF   r0x04, r0x11
00C0 C000 F000 00653         MOVFF   r0x05, r0x12
00C4 C000 F000 00654         MOVFF   r0x06, r0x13
00C8 C000 F000 00655         MOVFF   r0x07, r0x14
00CC 00656 _00173_DS_:
00CC 0EFF      00657         MOVLW   0xff
00CE 2600      00658         ADDWF   r0x13, F
00D0 A0D8      00659         BTFSS   STATUS, 0
00D2 0600      00660         DECF    r0x14, F
00D4 5000      00661         MOVF    r0x13, W
00D6 1000      00662         IORWF   r0x14, W
00D8 E000      00663         BZ      _00192_DS_
               00664 ;       .line   169; exercise1.c        if ((*d++ = *s++) == '\0')
00DA C000 FFE9 00665         MOVFF   r0x10, FSR0L
00DE C000 FFF3 00666         MOVFF   r0x11, PRODL
00E2 5000      00667         MOVF    r0x12, W
00E4 EC00 F000 00668         CALL    __gptrget1
00E8 6E00      00669         MOVWF   r0x15
00EA 2A00      00670         INCF    r0x10, F
00EC B0D8      00671         BTFSC   STATUS, 0
00EE 2A00      00672         INCF    r0x11, F
00F0 B0D8      00673         BTFSC   STATUS, 0
00F2 2A00      00674         INCF    r0x12, F
00F4 C000 FFE5 00675         MOVFF   r0x15, POSTDEC1
00F8 C000 FFE9 00676         MOVFF   r0x00, FSR0L
00FC C000 FFF3 00677         MOVFF   r0x01, PRODL
0100 5000      00678         MOVF    r0x02, W
0102 EC00 F000 00679         CALL    __gptrput1
0106 2A00      00680         INCF    r0x00, F
0108 B0D8      00681         BTFSC   STATUS, 0
010A 2A00      00682         INCF    r0x01, F
010C B0D8      00683         BTFSC   STATUS, 0
010E 2A00      00684         INCF    r0x02, F
0110 5000      00685         MOVF    r0x15, W
0112 E100      00686         BNZ     _00173_DS_
0114 00687 _00192_DS_:
               00688 ;       .line   170; exercise1.c        break;
0114 C000 F000 00689         MOVFF   r0x10, r0x0b
0118 C000 F000 00690         MOVFF   r0x11, r0x0c
011C C000 F000 00691         MOVFF   r0x12, r0x0d
0120 C000 F000 00692         MOVFF   r0x00, r0x08
0124 C000 F000 00693         MOVFF   r0x01, r0x09
0128 C000 F000 00694         MOVFF   r0x02, r0x0a
012C C000 F000 00695         MOVFF   r0x13, r0x0e
0130 C000 F000 00696         MOVFF   r0x14, r0x0f
0134 00697 _00177_DS_:
               00698 ;       .line   175; exercise1.c        if (n == 0)
0134 5000      00699         MOVF    r0x0e, W
0136 1000      00700         IORWF   r0x0f, W
0138 E100      00701         BNZ     _00184_DS_
               00702 ;       .line   177; exercise1.c        if (siz != 0)
gpasm-0.13.7 beta               Objects/exercise1.asm11-14-2017  17:38:15         PAGE 14


LOC  OBJECT CODE     LINE SOURCE TEXT
  VALUE
 
013A 5000      00703         MOVF    r0x06, W
013C 1000      00704         IORWF   r0x07, W
013E E000      00705         BZ      _00191_DS_
               00706 ;       .line   178; exercise1.c        *d = '\0';          /* NUL-terminate dst */
0140 0E00      00707         MOVLW   0x00
0142 6EE5      00708         MOVWF   POSTDEC1
0144 C000 FFE9 00709         MOVFF   r0x08, FSR0L
0148 C000 FFF3 00710         MOVFF   r0x09, PRODL
014C 5000      00711         MOVF    r0x0a, W
014E EC00 F000 00712         CALL    __gptrput1
0152 00713 _00191_DS_:
               00714 ;       .line   179; exercise1.c        while (*s++)
0152 C000 F000 00715         MOVFF   r0x0b, r0x00
0156 C000 F000 00716         MOVFF   r0x0c, r0x01
015A C000 F000 00717         MOVFF   r0x0d, r0x02
015E 00718 _00180_DS_:
015E C000 FFE9 00719         MOVFF   r0x00, FSR0L
0162 C000 FFF3 00720         MOVFF   r0x01, PRODL
0166 5000      00721         MOVF    r0x02, W
0168 EC00 F000 00722         CALL    __gptrget1
016C 6E00      00723         MOVWF   r0x06
016E 2A00      00724         INCF    r0x00, F
0170 B0D8      00725         BTFSC   STATUS, 0
0172 2A00      00726         INCF    r0x01, F
0174 B0D8      00727         BTFSC   STATUS, 0
0176 2A00      00728         INCF    r0x02, F
0178 5000      00729         MOVF    r0x06, W
017A E100      00730         BNZ     _00180_DS_
017C C000 F000 00731         MOVFF   r0x00, r0x0b
0180 C000 F000 00732         MOVFF   r0x01, r0x0c
0184 C000 F000 00733         MOVFF   r0x02, r0x0d
0188 00734 _00184_DS_:
               00735 ;       .line   183; exercise1.c        return (s - src - 1);       /* count does not include NUL */
0188 5000      00736         MOVF    r0x03, W
018A 5C00      00737         SUBWF   r0x0b, W
018C 6E00      00738         MOVWF   r0x03
018E 5000      00739         MOVF    r0x04, W
0190 5800      00740         SUBWFB  r0x0c, W
0192 6E00      00741         MOVWF   r0x04
0194 0EFF      00742         MOVLW   0xff
0196 2600      00743         ADDWF   r0x03, F
0198 A0D8      00744         BTFSS   STATUS, 0
019A 0600      00745         DECF    r0x04, F
019C C000 FFF3 00746         MOVFF   r0x04, PRODL
01A0 5000      00747         MOVF    r0x03, W
01A2 CFE4 F000 00748         MOVFF   PREINC1, r0x15
01A6 CFE4 F000 00749         MOVFF   PREINC1, r0x14
01AA CFE4 F000 00750         MOVFF   PREINC1, r0x13
01AE CFE4 F000 00751         MOVFF   PREINC1, r0x12
01B2 CFE4 F000 00752         MOVFF   PREINC1, r0x11
01B6 CFE4 F000 00753         MOVFF   PREINC1, r0x10
01BA CFE4 F000 00754         MOVFF   PREINC1, r0x0f
01BE CFE4 F000 00755         MOVFF   PREINC1, r0x0e
01C2 CFE4 F000 00756         MOVFF   PREINC1, r0x0d
gpasm-0.13.7 beta               Objects/exercise1.asm11-14-2017  17:38:15         PAGE 15


LOC  OBJECT CODE     LINE SOURCE TEXT
  VALUE
 
01C6 CFE4 F000 00757         MOVFF   PREINC1, r0x0c
01CA CFE4 F000 00758         MOVFF   PREINC1, r0x0b
01CE CFE4 F000 00759         MOVFF   PREINC1, r0x0a
01D2 CFE4 F000 00760         MOVFF   PREINC1, r0x09
01D6 CFE4 F000 00761         MOVFF   PREINC1, r0x08
01DA CFE4 F000 00762         MOVFF   PREINC1, r0x07
01DE CFE4 F000 00763         MOVFF   PREINC1, r0x06
01E2 CFE4 F000 00764         MOVFF   PREINC1, r0x05
01E6 CFE4 F000 00765         MOVFF   PREINC1, r0x04
01EA CFE4 F000 00766         MOVFF   PREINC1, r0x03
01EE CFE4 F000 00767         MOVFF   PREINC1, r0x02
01F2 CFE4 F000 00768         MOVFF   PREINC1, r0x01
01F6 CFE4 F000 00769         MOVFF   PREINC1, r0x00
01FA CFE4 FFD9 00770         MOVFF   PREINC1, FSR2L
01FE 0012      00771         RETURN  
               00772 
               00773 ; ; Starting pCode block
               00774 S_exercise1__DisplayString      code
0000 00775 _DisplayString:
               00776 ;       .line   108; exercise1.c        void DisplayString(BYTE pos, char* text) {
0000 CFD9 FFE5 00777         MOVFF   FSR2L, POSTDEC1
0004 CFE1 FFD9 00778         MOVFF   FSR1L, FSR2L
0008 C000 FFE5 00779         MOVFF   r0x00, POSTDEC1
000C C000 FFE5 00780         MOVFF   r0x01, POSTDEC1
0010 C000 FFE5 00781         MOVFF   r0x02, POSTDEC1
0014 C000 FFE5 00782         MOVFF   r0x03, POSTDEC1
0018 C000 FFE5 00783         MOVFF   r0x04, POSTDEC1
001C C000 FFE5 00784         MOVFF   r0x05, POSTDEC1
0020 C000 FFE5 00785         MOVFF   r0x06, POSTDEC1
0024 C000 FFE5 00786         MOVFF   r0x07, POSTDEC1
0028 C000 FFE5 00787         MOVFF   r0x08, POSTDEC1
002C C000 FFE5 00788         MOVFF   r0x09, POSTDEC1
0030 0E02      00789         MOVLW   0x02
0032 CFDB F000 00790         MOVFF   PLUSW2, r0x00
0036 0E03      00791         MOVLW   0x03
0038 CFDB F000 00792         MOVFF   PLUSW2, r0x01
003C 0E04      00793         MOVLW   0x04
003E CFDB F000 00794         MOVFF   PLUSW2, r0x02
0042 0E05      00795         MOVLW   0x05
0044 CFDB F000 00796         MOVFF   PLUSW2, r0x03
               00797 ;       .line   109; exercise1.c        BYTE        l = strlen(text);/*number of actual chars in the string*/
0048 5000      00798         MOVF    r0x03, W
004A 6EE5      00799         MOVWF   POSTDEC1
004C 5000      00800         MOVF    r0x02, W
004E 6EE5      00801         MOVWF   POSTDEC1
0050 5000      00802         MOVF    r0x01, W
0052 6EE5      00803         MOVWF   POSTDEC1
0054 EC00 F000 00804         CALL    _strlen
0058 6E00      00805         MOVWF   r0x04
005A CFF3 F000 00806         MOVFF   PRODL, r0x05
005E 0E03      00807         MOVLW   0x03
0060 26E1      00808         ADDWF   FSR1L, F
               00809 ;       .line   110; exercise1.c        BYTE      max = 32-pos;    /*available space on the lcd*/
0062 5000      00810         MOVF    r0x00, W
gpasm-0.13.7 beta               Objects/exercise1.asm11-14-2017  17:38:15         PAGE 16


LOC  OBJECT CODE     LINE SOURCE TEXT
  VALUE
 
0064 0820      00811         SUBLW   0x20
0066 6E00      00812         MOVWF   r0x05
               00813 ;       .line   111; exercise1.c        char       *d = (char*)&LCDText[pos];
0068 6A00      00814         CLRF    r0x06
006A 0E00      00815         MOVLW   LOW(_LCDText)
006C 2600      00816         ADDWF   r0x00, F
006E 0E00      00817         MOVLW   HIGH(_LCDText)
0070 2200      00818         ADDWFC  r0x06, F
0072 5000      00819         MOVF    r0x06, W
0074 6E00      00820         MOVWF   r0x06
0076 5000      00821         MOVF    r0x00, W
0078 6E00      00822         MOVWF   r0x00
007A 0E80      00823         MOVLW   0x80
007C 6E00      00824         MOVWF   r0x07
               00825 ;       .line   113; exercise1.c        size_t      n = (l<max)?l:max;
007E 5000      00826         MOVF    r0x05, W
0080 5C00      00827         SUBWF   r0x04, W
0082 E300      00828         BNC     _00161_DS_
0084 C000 F000 00829         MOVFF   r0x05, r0x04
0088 00830 _00161_DS_:
0088 6A00      00831         CLRF    r0x05
               00832 ;       .line   115; exercise1.c        if (n != 0)
008A 5000      00833         MOVF    r0x04, W
008C 1000      00834         IORWF   r0x05, W
008E E000      00835         BZ      _00157_DS_
0090 00836 _00153_DS_:
               00837 ;       .line   116; exercise1.c        while (n-- != 0)*d++ = *s++;
0090 C000 F000 00838         MOVFF   r0x04, r0x08
0094 C000 F000 00839         MOVFF   r0x05, r0x09
0098 0EFF      00840         MOVLW   0xff
009A 2600      00841         ADDWF   r0x04, F
009C A0D8      00842         BTFSS   STATUS, 0
009E 0600      00843         DECF    r0x05, F
00A0 5000      00844         MOVF    r0x08, W
00A2 1000      00845         IORWF   r0x09, W
00A4 E000      00846         BZ      _00157_DS_
00A6 C000 FFE9 00847         MOVFF   r0x01, FSR0L
00AA C000 FFF3 00848         MOVFF   r0x02, PRODL
00AE 5000      00849         MOVF    r0x03, W
00B0 EC00 F000 00850         CALL    __gptrget1
00B4 6E00      00851         MOVWF   r0x08
00B6 2A00      00852         INCF    r0x01, F
00B8 B0D8      00853         BTFSC   STATUS, 0
00BA 2A00      00854         INCF    r0x02, F
00BC B0D8      00855         BTFSC   STATUS, 0
00BE 2A00      00856         INCF    r0x03, F
00C0 C000 FFE5 00857         MOVFF   r0x08, POSTDEC1
00C4 C000 FFE9 00858         MOVFF   r0x00, FSR0L
00C8 C000 FFF3 00859         MOVFF   r0x06, PRODL
00CC 5000      00860         MOVF    r0x07, W
00CE EC00 F000 00861         CALL    __gptrput1
00D2 2A00      00862         INCF    r0x00, F
00D4 B0D8      00863         BTFSC   STATUS, 0
00D6 2A00      00864         INCF    r0x06, F
gpasm-0.13.7 beta               Objects/exercise1.asm11-14-2017  17:38:15         PAGE 17


LOC  OBJECT CODE     LINE SOURCE TEXT
  VALUE
 
00D8 B0D8      00865         BTFSC   STATUS, 0
00DA 2A00      00866         INCF    r0x07, F
00DC D000      00867         BRA     _00153_DS_
00DE 00868 _00157_DS_:
               00869 ;       .line   117; exercise1.c        LCDUpdate();
00DE EC00 F000 00870         CALL    _LCDUpdate
00E2 CFE4 F000 00871         MOVFF   PREINC1, r0x09
00E6 CFE4 F000 00872         MOVFF   PREINC1, r0x08
00EA CFE4 F000 00873         MOVFF   PREINC1, r0x07
00EE CFE4 F000 00874         MOVFF   PREINC1, r0x06
00F2 CFE4 F000 00875         MOVFF   PREINC1, r0x05
00F6 CFE4 F000 00876         MOVFF   PREINC1, r0x04
00FA CFE4 F000 00877         MOVFF   PREINC1, r0x03
00FE CFE4 F000 00878         MOVFF   PREINC1, r0x02
0102 CFE4 F000 00879         MOVFF   PREINC1, r0x01
0106 CFE4 F000 00880         MOVFF   PREINC1, r0x00
010A CFE4 FFD9 00881         MOVFF   PREINC1, FSR2L
010E 0012      00882         RETURN  
               00883 
               00884 ; ; Starting pCode block
               00885 S_exercise1__DisplayWORD        code
0000 00886 _DisplayWORD:
               00887 ;       .line   70; exercise1.c void DisplayWORD(BYTE pos, WORD w) { //WORD is a 16 bits unsigned
0000 CFD9 FFE5 00888         MOVFF   FSR2L, POSTDEC1
0004 CFE1 FFD9 00889         MOVFF   FSR1L, FSR2L
0008 C000 FFE5 00890         MOVFF   r0x00, POSTDEC1
000C C000 FFE5 00891         MOVFF   r0x01, POSTDEC1
0010 C000 FFE5 00892         MOVFF   r0x02, POSTDEC1
0014 C000 FFE5 00893         MOVFF   r0x03, POSTDEC1
0018 C000 FFE5 00894         MOVFF   r0x04, POSTDEC1
001C C000 FFE5 00895         MOVFF   r0x05, POSTDEC1
0020 0E02      00896         MOVLW   0x02
0022 CFDB F000 00897         MOVFF   PLUSW2, r0x00
0026 0E03      00898         MOVLW   0x03
0028 CFDB F000 00899         MOVFF   PLUSW2, r0x01
002C 0E04      00900         MOVLW   0x04
002E CFDB F000 00901         MOVFF   PLUSW2, r0x02
               00902 ;       .line   77; exercise1.c ultoa(w, WDigit, radix);      
0032 6A00      00903         CLRF    r0x03
0034 6A00      00904         CLRF    r0x04
0036 0E0A      00905         MOVLW   0x0a
0038 6EE5      00906         MOVWF   POSTDEC1
003A 0E00      00907         MOVLW   HIGH(_DisplayWORD_WDigit_1_1)
003C 6EE5      00908         MOVWF   POSTDEC1
003E 0E00      00909         MOVLW   LOW(_DisplayWORD_WDigit_1_1)
0040 6EE5      00910         MOVWF   POSTDEC1
0042 5000      00911         MOVF    r0x04, W
0044 6EE5      00912         MOVWF   POSTDEC1
0046 5000      00913         MOVF    r0x03, W
0048 6EE5      00914         MOVWF   POSTDEC1
004A 5000      00915         MOVF    r0x02, W
004C 6EE5      00916         MOVWF   POSTDEC1
004E 5000      00917         MOVF    r0x01, W
0050 6EE5      00918         MOVWF   POSTDEC1
gpasm-0.13.7 beta               Objects/exercise1.asm11-14-2017  17:38:15         PAGE 18


LOC  OBJECT CODE     LINE SOURCE TEXT
  VALUE
 
0052 EC00 F000 00919         CALL    _ultoa
0056 0E07      00920         MOVLW   0x07
0058 26E1      00921         ADDWF   FSR1L, F
               00922 ;       .line   78; exercise1.c for(j = 0; j < strlen((char*)WDigit); j++)
005A 6A00      00923         CLRF    r0x01
005C 00924 _00137_DS_:
005C 0E00      00925         MOVLW   HIGH(_DisplayWORD_WDigit_1_1)
005E 6E00      00926         MOVWF   r0x03
0060 0E00      00927         MOVLW   LOW(_DisplayWORD_WDigit_1_1)
0062 6E00      00928         MOVWF   r0x02
0064 0E80      00929         MOVLW   0x80
0066 6E00      00930         MOVWF   r0x04
0068 5000      00931         MOVF    r0x04, W
006A 6EE5      00932         MOVWF   POSTDEC1
006C 5000      00933         MOVF    r0x03, W
006E 6EE5      00934         MOVWF   POSTDEC1
0070 5000      00935         MOVF    r0x02, W
0072 6EE5      00936         MOVWF   POSTDEC1
0074 EC00 F000 00937         CALL    _strlen
0078 6E00      00938         MOVWF   r0x02
007A CFF3 F000 00939         MOVFF   PRODL, r0x03
007E 0E03      00940         MOVLW   0x03
0080 26E1      00941         ADDWF   FSR1L, F
0082 C000 F000 00942         MOVFF   r0x01, r0x04
0086 6A00      00943         CLRF    r0x05
0088 5000      00944         MOVF    r0x05, W
008A 0F80      00945         ADDLW   0x80
008C 6EF3      00946         MOVWF   PRODL
008E 5000      00947         MOVF    r0x03, W
0090 0F80      00948         ADDLW   0x80
0092 5CF3      00949         SUBWF   PRODL, W
0094 E100      00950         BNZ     _00147_DS_
0096 5000      00951         MOVF    r0x02, W
0098 5C00      00952         SUBWF   r0x04, W
009A 00953 _00147_DS_:
009A E200      00954         BC      _00140_DS_
               00955 ;       .line   80; exercise1.c LCDText[LCDPos++] = WDigit[j];
009C C000 F000 00956         MOVFF   r0x00, r0x02
00A0 2A00      00957         INCF    r0x00, F
00A2 6A00      00958         CLRF    r0x03
00A4 0E00      00959         MOVLW   LOW(_LCDText)
00A6 2600      00960         ADDWF   r0x02, F
00A8 0E00      00961         MOVLW   HIGH(_LCDText)
00AA 2200      00962         ADDWFC  r0x03, F
00AC 0E00      00963         MOVLW   LOW(_DisplayWORD_WDigit_1_1)
00AE 2400      00964         ADDWF   r0x01, W
00B0 6E00      00965         MOVWF   r0x04
00B2 6A00      00966         CLRF    r0x05
00B4 0E00      00967         MOVLW   HIGH(_DisplayWORD_WDigit_1_1)
00B6 2200      00968         ADDWFC  r0x05, F
00B8 C000 FFE9 00969         MOVFF   r0x04, FSR0L
00BC C000 FFEA 00970         MOVFF   r0x05, FSR0H
00C0 CFEF F000 00971         MOVFF   INDF0, r0x04
00C4 C000 FFE9 00972         MOVFF   r0x02, FSR0L
gpasm-0.13.7 beta               Objects/exercise1.asm11-14-2017  17:38:15         PAGE 19


LOC  OBJECT CODE     LINE SOURCE TEXT
  VALUE
 
00C8 C000 FFEA 00973         MOVFF   r0x03, FSR0H
00CC C000 FFEF 00974         MOVFF   r0x04, INDF0
               00975 ;       .line   78; exercise1.c for(j = 0; j < strlen((char*)WDigit); j++)
00D0 2A00      00976         INCF    r0x01, F
00D2 D000      00977         BRA     _00137_DS_
00D4 00978 _00140_DS_:
               00979 ;       .line   82; exercise1.c if(LCDPos < 32u)
00D4 C000 F000 00980         MOVFF   r0x00, r0x01
00D8 6A00      00981         CLRF    r0x02
00DA 0E00      00982         MOVLW   0x00
00DC 5C00      00983         SUBWF   r0x02, W
00DE E100      00984         BNZ     _00148_DS_
00E0 0E20      00985         MOVLW   0x20
00E2 5C00      00986         SUBWF   r0x01, W
00E4 00987 _00148_DS_:
00E4 E200      00988         BC      _00136_DS_
               00989 ;       .line   83; exercise1.c LCDText[LCDPos] = 0;
00E6 6A00      00990         CLRF    r0x01
00E8 0E00      00991         MOVLW   LOW(_LCDText)
00EA 2600      00992         ADDWF   r0x00, F
00EC 0E00      00993         MOVLW   HIGH(_LCDText)
00EE 2200      00994         ADDWFC  r0x01, F
00F0 C000 FFE9 00995         MOVFF   r0x00, FSR0L
00F4 C000 FFEA 00996         MOVFF   r0x01, FSR0H
00F8 0E00      00997         MOVLW   0x00
00FA 6EEF      00998         MOVWF   INDF0
00FC 00999 _00136_DS_:
               01000 ;       .line   84; exercise1.c LCDUpdate();
00FC EC00 F000 01001         CALL    _LCDUpdate
0100 CFE4 F000 01002         MOVFF   PREINC1, r0x05
0104 CFE4 F000 01003         MOVFF   PREINC1, r0x04
0108 CFE4 F000 01004         MOVFF   PREINC1, r0x03
010C CFE4 F000 01005         MOVFF   PREINC1, r0x02
0110 CFE4 F000 01006         MOVFF   PREINC1, r0x01
0114 CFE4 F000 01007         MOVFF   PREINC1, r0x00
0118 CFE4 FFD9 01008         MOVFF   PREINC1, FSR2L
011C 0012      01009         RETURN  
               01010 
               01011 ; ; Starting pCode block
               01012 S_exercise1__delay_ms   code
0000 01013 _delay_ms:
               01014 ;       .line   38; exercise1.c void delay_ms(unsigned int ms) {
0000 CFD9 FFE5 01015         MOVFF   FSR2L, POSTDEC1
0004 CFE1 FFD9 01016         MOVFF   FSR1L, FSR2L
0008 C000 FFE5 01017         MOVFF   r0x00, POSTDEC1
000C C000 FFE5 01018         MOVFF   r0x01, POSTDEC1
0010 C000 FFE5 01019         MOVFF   r0x02, POSTDEC1
0014 C000 FFE5 01020         MOVFF   r0x03, POSTDEC1
0018 0E02      01021         MOVLW   0x02
001A CFDB F000 01022         MOVFF   PLUSW2, r0x00
001E 0E03      01023         MOVLW   0x03
0020 CFDB F000 01024         MOVFF   PLUSW2, r0x01
0024 01025 _00113_DS_:
               01026 ;       .line   39; exercise1.c while (ms--) {
gpasm-0.13.7 beta               Objects/exercise1.asm11-14-2017  17:38:15         PAGE 20


LOC  OBJECT CODE     LINE SOURCE TEXT
  VALUE
 
0024 C000 F000 01027         MOVFF   r0x00, r0x02
0028 C000 F000 01028         MOVFF   r0x01, r0x03
002C 0EFF      01029         MOVLW   0xff
002E 2600      01030         ADDWF   r0x00, F
0030 A0D8      01031         BTFSS   STATUS, 0
0032 0600      01032         DECF    r0x01, F
0034 5000      01033         MOVF    r0x02, W
0036 1000      01034         IORWF   r0x03, W
0038 E000      01035         BZ      _00116_DS_
               01036 ;       .line   40; exercise1.c delay_1ms();
003A EC00 F000 01037         CALL    _delay_1ms
003E D000      01038         BRA     _00113_DS_
0040 01039 _00116_DS_:
0040 CFE4 F000 01040         MOVFF   PREINC1, r0x03
0044 CFE4 F000 01041         MOVFF   PREINC1, r0x02
0048 CFE4 F000 01042         MOVFF   PREINC1, r0x01
004C CFE4 F000 01043         MOVFF   PREINC1, r0x00
0050 CFE4 FFD9 01044         MOVFF   PREINC1, FSR2L
0054 0012      01045         RETURN  
               01046 
               01047 ; ; Starting pCode block
               01048 S_exercise1__delay_1ms  code
0000 01049 _delay_1ms:
               01050 ;       .line   23; exercise1.c void delay_1ms(void) {
0000 CFD9 FFE5 01051         MOVFF   FSR2L, POSTDEC1
0004 CFE1 FFD9 01052         MOVFF   FSR1L, FSR2L
               01053 ;       .line   24; exercise1.c TMR0H=(0x10000-EXEC_FREQ/1000)>>8;
0008 0ED8      01054         MOVLW   0xd8
000A 6E00      01055         MOVWF   _TMR0H
               01056 ;       .line   25; exercise1.c TMR0L=(0x10000-EXEC_FREQ/1000)&0xff;
000C 0EF0      01057         MOVLW   0xf0
000E 6E00      01058         MOVWF   _TMR0L
               01059 ;       .line   26; exercise1.c T0CONbits.TMR0ON=0; // disable timer0
0010 9E00      01060         BCF     _T0CONbits, 7
               01061 ;       .line   27; exercise1.c T0CONbits.T08BIT=0; // use timer0 16-bit counter
0012 9C00      01062         BCF     _T0CONbits, 6
               01063 ;       .line   28; exercise1.c T0CONbits.T0CS=0; // use timer0 instruction cycle clock
0014 9A00      01064         BCF     _T0CONbits, 5
               01065 ;       .line   29; exercise1.c T0CONbits.PSA=1; // disable timer0 prescaler
0016 8600      01066         BSF     _T0CONbits, 3
               01067 ;       .line   30; exercise1.c INTCONbits.T0IF=0; // clear timer0 overflow bit
0018 9400      01068         BCF     _INTCONbits, 2
               01069 ;       .line   31; exercise1.c T0CONbits.TMR0ON=1; // enable timer0
001A 8E00      01070         BSF     _T0CONbits, 7
001C 01071 _00105_DS_:
               01072 ;       .line   32; exercise1.c while (!INTCONbits.T0IF) {} // wait for timer0 overflow
001C A400      01073         BTFSS   _INTCONbits, 2
001E D000      01074         BRA     _00105_DS_
               01075 ;       .line   33; exercise1.c INTCONbits.T0IF=0; // clear timer0 overflow bit
0020 9400      01076         BCF     _INTCONbits, 2
               01077 ;       .line   34; exercise1.c T0CONbits.TMR0ON=0; // disable timer0
0022 9E00      01078         BCF     _T0CONbits, 7
0024 CFE4 FFD9 01079         MOVFF   PREINC1, FSR2L
0028 0012      01080         RETURN  
gpasm-0.13.7 beta               Objects/exercise1.asm11-14-2017  17:38:15         PAGE 21


LOC  OBJECT CODE     LINE SOURCE TEXT
  VALUE
 
               01081 
               01082 ; ; Starting pCode block
002A 01083 __str_0:
002A 6F47 646F 01084         DB      0x47, 0x6f, 0x6f, 0x64, 0x20, 0x6d, 0x6f, 0x72, 0x6e, 0x69, 0x6e, 0x67
     6D20 726F 
     696E 676E 
0036 202C 0000 01085         DB      0x2c, 0x20, 0x00
               01086 ; ; Starting pCode block
003A 01087 __str_1:
003A 6F4C 7675 01088         DB      0x4c, 0x6f, 0x75, 0x76, 0x61, 0x69, 0x6e, 0x2d, 0x6c, 0x61, 0x2d, 0x4e
     6961 2D6E 
     616C 4E2D 
0046 7565 6576 01089         DB      0x65, 0x75, 0x76, 0x65, 0x00
     0000      
               01090 
               01091 
               01092 ; Statistics:
               01093 ; code size:     1368 (0x0558) bytes ( 1.04%)
               01094 ;                 684 (0x02ac) words
               01095 ; udata size:       6 (0x0006) bytes ( 0.16%)
               01096 ; access size:     22 (0x0016) bytes
               01097 
               01098 
gpasm-0.13.7 beta               Objects/exercise1.asm11-14-2017  17:38:15         PAGE 22


SYMBOL TABLE
  LABEL                             VALUE 

FSR0H                             00000FEA
FSR0L                             00000FE9
FSR1L                             00000FE1
FSR2L                             00000FD9
INDF0                             00000FEF
PLUSW2                            00000FDB
POSTDEC1                          00000FE5
PREINC1                           00000FE4
PRODH                             00000FF4
PRODL                             00000FF3
STATUS                            00000FD8
WREG                              00000FE8
_00105_DS_                        0000001C
_00113_DS_                        00000024
_00116_DS_                        00000040
_00121_DS_                        00000012
_00128_DS_                        00000074
_00136_DS_                        000000FC
_00137_DS_                        0000005C
_00140_DS_                        000000D4
_00147_DS_                        0000009A
_00148_DS_                        000000E4
_00153_DS_                        00000090
_00157_DS_                        000000DE
_00161_DS_                        00000088
_00173_DS_                        000000CC
_00177_DS_                        00000134
_00180_DS_                        0000015E
_00184_DS_                        00000188
_00191_DS_                        00000152
_00192_DS_                        00000114
_ADCON0                           00000000
_ADCON0bits                       00000000
_ADCON1                           00000000
_ADCON1bits                       00000000
_ADCON2                           00000000
_ADCON2bits                       00000000
_ADRES                            00000000
_ADRESH                           00000000
_ADRESL                           00000000
_BAUDCON                          00000000
_BAUDCON1                         00000000
_BAUDCON1bits                     00000000
_BAUDCON2                         00000000
_BAUDCON2bits                     00000000
_BAUDCONbits                      00000000
_BAUDCTL                          00000000
_BAUDCTL1                         00000000
_BAUDCTL1bits                     00000000
_BAUDCTL2                         00000000
_BAUDCTL2bits                     00000000
_BAUDCTLbits                      00000000
_BSR                              00000000
gpasm-0.13.7 beta               Objects/exercise1.asm11-14-2017  17:38:15         PAGE 23


LOC  OBJECT CODE     LINE SOURCE TEXT
  VALUE
 
_CCP1CON                          00000000
_CCP1CONbits                      00000000
_CCP2CON                          00000000
_CCP2CONbits                      00000000
_CCP3CON                          00000000
_CCP3CONbits                      00000000
_CCP4CON                          00000000
_CCP4CONbits                      00000000
_CCP5CON                          00000000
_CCP5CONbits                      00000000
_CCPR1                            00000000
_CCPR1H                           00000000
_CCPR1L                           00000000
_CCPR2                            00000000
_CCPR2H                           00000000
_CCPR2L                           00000000
_CCPR3                            00000000
_CCPR3H                           00000000
_CCPR3L                           00000000
_CCPR4                            00000000
_CCPR4H                           00000000
_CCPR4L                           00000000
_CCPR5                            00000000
_CCPR5H                           00000000
_CCPR5L                           00000000
_CMCON                            00000000
_CMCONbits                        00000000
_CVRCON                           00000000
_CVRCONbits                       00000000
_DDRA                             00000000
_DDRAbits                         00000000
_DDRB                             00000000
_DDRBbits                         00000000
_DDRC                             00000000
_DDRCbits                         00000000
_DDRD                             00000000
_DDRDbits                         00000000
_DDRE                             00000000
_DDREbits                         00000000
_DDRF                             00000000
_DDRFbits                         00000000
_DDRG                             00000000
_DDRGbits                         00000000
_DDRH                             00000000
_DDRHbits                         00000000
_DDRJ                             00000000
_DDRJbits                         00000000
_DisplayString                    00000000
_DisplayWORD                      00000000
_DisplayWORD_WDigit_1_1           00000000
_EBSTCON                          00000000
_EBSTCONbits                      00000000
_EBSTCS                           00000000
_EBSTCSH                          00000000
gpasm-0.13.7 beta               Objects/exercise1.asm11-14-2017  17:38:15         PAGE 24


LOC  OBJECT CODE     LINE SOURCE TEXT
  VALUE
 
_EBSTCSL                          00000000
_EBSTSD                           00000000
_ECCP1AS                          00000000
_ECCP1ASbits                      00000000
_ECCP1CON                         00000000
_ECCP1CONbits                     00000000
_ECCP1DEL                         00000000
_ECCP1DELbits                     00000000
_ECCP2AS                          00000000
_ECCP2ASbits                      00000000
_ECCP2CON                         00000000
_ECCP2CONbits                     00000000
_ECCP2DEL                         00000000
_ECCP2DELbits                     00000000
_ECCP3AS                          00000000
_ECCP3ASbits                      00000000
_ECCP3CON                         00000000
_ECCP3CONbits                     00000000
_ECCP3DEL                         00000000
_ECCP3DELbits                     00000000
_ECON1                            00000000
_ECON1bits                        00000000
_ECON2                            00000000
_ECON2bits                        00000000
_EDATA                            00000000
_EDATAbits                        00000000
_EDMACS                           00000000
_EDMACSH                          00000000
_EDMACSL                          00000000
_EDMADST                          00000000
_EDMADSTH                         00000000
_EDMADSTL                         00000000
_EDMAND                           00000000
_EDMANDH                          00000000
_EDMANDL                          00000000
_EDMAST                           00000000
_EDMASTH                          00000000
_EDMASTL                          00000000
_EECON1                           00000000
_EECON1bits                       00000000
_EECON2                           00000000
_EFLOCON                          00000000
_EFLOCONbits                      00000000
_EHT0                             00000000
_EHT1                             00000000
_EHT2                             00000000
_EHT3                             00000000
_EHT4                             00000000
_EHT5                             00000000
_EHT6                             00000000
_EHT7                             00000000
_EIE                              00000000
_EIEbits                          00000000
_EIR                              00000000
gpasm-0.13.7 beta               Objects/exercise1.asm11-14-2017  17:38:15         PAGE 25


LOC  OBJECT CODE     LINE SOURCE TEXT
  VALUE
 
_EIRbits                          00000000
_EPAUS                            00000000
_EPAUSH                           00000000
_EPAUSL                           00000000
_EPKTCNT                          00000000
_EPMCS                            00000000
_EPMCSH                           00000000
_EPMCSL                           00000000
_EPMM0                            00000000
_EPMM1                            00000000
_EPMM2                            00000000
_EPMM3                            00000000
_EPMM4                            00000000
_EPMM5                            00000000
_EPMM6                            00000000
_EPMM7                            00000000
_EPMO                             00000000
_EPMOH                            00000000
_EPMOL                            00000000
_ERDPT                            00000000
_ERDPTH                           00000000
_ERDPTL                           00000000
_ERXFCON                          00000000
_ERXFCONbits                      00000000
_ERXND                            00000000
_ERXNDH                           00000000
_ERXNDL                           00000000
_ERXRDPT                          00000000
_ERXRDPTH                         00000000
_ERXRDPTL                         00000000
_ERXST                            00000000
_ERXSTH                           00000000
_ERXSTL                           00000000
_ERXWRPT                          00000000
_ERXWRPTH                         00000000
_ERXWRPTL                         00000000
_ESTAT                            00000000
_ESTATbits                        00000000
_ETXND                            00000000
_ETXNDH                           00000000
_ETXNDL                           00000000
_ETXST                            00000000
_ETXSTH                           00000000
_ETXSTL                           00000000
_EWOLIE                           00000000
_EWOLIEbits                       00000000
_EWOLIR                           00000000
_EWOLIRbits                       00000000
_EWRPT                            00000000
_EWRPTH                           00000000
_EWRPTL                           00000000
_FSR0H                            00000000
_FSR0L                            00000000
_FSR1H                            00000000
gpasm-0.13.7 beta               Objects/exercise1.asm11-14-2017  17:38:15         PAGE 26


LOC  OBJECT CODE     LINE SOURCE TEXT
  VALUE
 
_FSR1L                            00000000
_FSR2H                            00000000
_FSR2L                            00000000
_INDF0                            00000000
_INDF1                            00000000
_INDF2                            00000000
_INTCON                           00000000
_INTCON2                          00000000
_INTCON2bits                      00000000
_INTCON3                          00000000
_INTCON3bits                      00000000
_INTCONbits                       00000000
_IPR1                             00000000
_IPR1bits                         00000000
_IPR2                             00000000
_IPR2bits                         00000000
_IPR3                             00000000
_IPR3bits                         00000000
_LATA                             00000000
_LATAbits                         00000000
_LATB                             00000000
_LATBbits                         00000000
_LATC                             00000000
_LATCbits                         00000000
_LATD                             00000000
_LATDbits                         00000000
_LATE                             00000000
_LATEbits                         00000000
_LATF                             00000000
_LATFbits                         00000000
_LATG                             00000000
_LATGbits                         00000000
_LATH                             00000000
_LATHbits                         00000000
_LATJ                             00000000
_LATJbits                         00000000
_LCDInit                          00000000
_LCDText                          00000000
_LCDUpdate                        00000000
_MAADR1                           00000000
_MAADR2                           00000000
_MAADR3                           00000000
_MAADR4                           00000000
_MAADR5                           00000000
_MAADR6                           00000000
_MABBIPG                          00000000
_MACLCON1                         00000000
_MACLCON1bits                     00000000
_MACLCON2                         00000000
_MACLCON2bits                     00000000
_MACON1                           00000000
_MACON1bits                       00000000
_MACON2                           00000000
_MACON2bits                       00000000
gpasm-0.13.7 beta               Objects/exercise1.asm11-14-2017  17:38:15         PAGE 27


LOC  OBJECT CODE     LINE SOURCE TEXT
  VALUE
 
_MACON3                           00000000
_MACON3bits                       00000000
_MACON4                           00000000
_MACON4bits                       00000000
_MAIPG                            00000000
_MAIPGH                           00000000
_MAIPGL                           00000000
_MAMXFL                           00000000
_MAMXFLH                          00000000
_MAMXFLL                          00000000
_MEMCON                           00000000
_MEMCONbits                       00000000
_MICMD                            00000000
_MICMDbits                        00000000
_MICON                            00000000
_MICONbits                        00000000
_MIRD                             00000000
_MIRDH                            00000000
_MIRDL                            00000000
_MIREGADR                         00000000
_MISTAT                           00000000
_MISTATbits                       00000000
_MIWR                             00000000
_MIWRH                            00000000
_MIWRL                            00000000
_OSCCON                           00000000
_OSCCONbits                       00000000
_OSCTUNE                          00000000
_OSCTUNEbits                      00000000
_PC                               00000000
_PCL                              00000000
_PCLATH                           00000000
_PCLATU                           00000000
_PIE1                             00000000
_PIE1bits                         00000000
_PIE2                             00000000
_PIE2bits                         00000000
_PIE3                             00000000
_PIE3bits                         00000000
_PIR1                             00000000
_PIR1bits                         00000000
_PIR2                             00000000
_PIR2bits                         00000000
_PIR3                             00000000
_PIR3bits                         00000000
_PLUSW0                           00000000
_PLUSW1                           00000000
_PLUSW2                           00000000
_PORTA                            00000000
_PORTAbits                        00000000
_PORTB                            00000000
_PORTBbits                        00000000
_PORTC                            00000000
_PORTCbits                        00000000
gpasm-0.13.7 beta               Objects/exercise1.asm11-14-2017  17:38:15         PAGE 28


LOC  OBJECT CODE     LINE SOURCE TEXT
  VALUE
 
_PORTD                            00000000
_PORTDbits                        00000000
_PORTE                            00000000
_PORTEbits                        00000000
_PORTF                            00000000
_PORTFbits                        00000000
_PORTG                            00000000
_PORTGbits                        00000000
_PORTH                            00000000
_PORTHbits                        00000000
_PORTJ                            00000000
_PORTJbits                        00000000
_POSTDEC0                         00000000
_POSTDEC1                         00000000
_POSTDEC2                         00000000
_POSTINC0                         00000000
_POSTINC1                         00000000
_POSTINC2                         00000000
_PR2                              00000000
_PR4                              00000000
_PREINC0                          00000000
_PREINC1                          00000000
_PREINC2                          00000000
_PROD                             00000000
_PRODH                            00000000
_PRODL                            00000000
_PSPCON                           00000000
_PSPCONbits                       00000000
_RCON                             00000000
_RCONbits                         00000000
_RCREG                            00000000
_RCREG1                           00000000
_RCREG2                           00000000
_RCSTA                            00000000
_RCSTA1                           00000000
_RCSTA1bits                       00000000
_RCSTA2                           00000000
_RCSTA2bits                       00000000
_RCSTAbits                        00000000
_SPBRG                            00000000
_SPBRG1                           00000000
_SPBRG2                           00000000
_SPBRGH                           00000000
_SPBRGH1                          00000000
_SPBRGH2                          00000000
_SSP1ADD                          00000000
_SSP1BUF                          00000000
_SSP1CON1                         00000000
_SSP1CON1bits                     00000000
_SSP1CON2                         00000000
_SSP1CON2bits                     00000000
_SSP1STAT                         00000000
_SSP1STATbits                     00000000
_SSP2ADD                          00000000
gpasm-0.13.7 beta               Objects/exercise1.asm11-14-2017  17:38:15         PAGE 29


LOC  OBJECT CODE     LINE SOURCE TEXT
  VALUE
 
_SSP2BUF                          00000000
_SSP2CON1                         00000000
_SSP2CON1bits                     00000000
_SSP2CON2                         00000000
_SSP2CON2bits                     00000000
_SSP2STAT                         00000000
_SSP2STATbits                     00000000
_SSPADD                           00000000
_SSPBUF                           00000000
_SSPCON1                          00000000
_SSPCON1bits                      00000000
_SSPCON2                          00000000
_SSPCON2bits                      00000000
_SSPSTAT                          00000000
_SSPSTATbits                      00000000
_STATUS                           00000000
_STATUSbits                       00000000
_STKPTR                           00000000
_STKPTRbits                       00000000
_T0CON                            00000000
_T0CONbits                        00000000
_T1CON                            00000000
_T1CONbits                        00000000
_T2CON                            00000000
_T2CONbits                        00000000
_T3CON                            00000000
_T3CONbits                        00000000
_T4CON                            00000000
_T4CONbits                        00000000
_TABLAT                           00000000
_TBLPTR                           00000000
_TBLPTRH                          00000000
_TBLPTRL                          00000000
_TBLPTRU                          00000000
_TMR0H                            00000000
_TMR0L                            00000000
_TMR1H                            00000000
_TMR1L                            00000000
_TMR2                             00000000
_TMR3H                            00000000
_TMR3L                            00000000
_TMR4                             00000000
_TOS                              00000000
_TOSH                             00000000
_TOSL                             00000000
_TOSU                             00000000
_TRISA                            00000000
_TRISAbits                        00000000
_TRISB                            00000000
_TRISBbits                        00000000
_TRISC                            00000000
_TRISCbits                        00000000
_TRISD                            00000000
_TRISDbits                        00000000
gpasm-0.13.7 beta               Objects/exercise1.asm11-14-2017  17:38:15         PAGE 30


LOC  OBJECT CODE     LINE SOURCE TEXT
  VALUE
 
_TRISE                            00000000
_TRISEbits                        00000000
_TRISF                            00000000
_TRISFbits                        00000000
_TRISG                            00000000
_TRISGbits                        00000000
_TRISH                            00000000
_TRISHbits                        00000000
_TRISJ                            00000000
_TRISJbits                        00000000
_TXREG                            00000000
_TXREG1                           00000000
_TXREG2                           00000000
_TXSTA                            00000000
_TXSTA1                           00000000
_TXSTA1bits                       00000000
_TXSTA2                           00000000
_TXSTA2bits                       00000000
_TXSTAbits                        00000000
_WDTCON                           00000000
_WDTCONbits                       00000000
_WREG                             00000000
__18F97J60                        00000001
__gptrget1                        00000000
__gptrput1                        00000000
__str_0                           0000002A
__str_1                           0000003A
_delay_1ms                        00000000
_delay_ms                         00000000
_main                             00000000
_stdin                            00000000
_stdout                           00000000
_strlcpy                          00000000
_strlen                           00000000
_ultoa                            00000000
r0x00                             00000000
r0x01                             00000001
r0x02                             00000002
r0x03                             00000003
r0x04                             00000004
r0x05                             00000005
r0x06                             00000006
r0x07                             00000007
r0x08                             00000008
r0x09                             00000009
r0x0a                             0000000A
r0x0b                             0000000B
r0x0c                             0000000C
r0x0d                             0000000D
r0x0e                             0000000E
r0x0f                             0000000F
r0x10                             00000010
r0x11                             00000011
r0x12                             00000012
gpasm-0.13.7 beta               Objects/exercise1.asm11-14-2017  17:38:15         PAGE 31


LOC  OBJECT CODE     LINE SOURCE TEXT
  VALUE
 
r0x13                             00000013
r0x14                             00000014
r0x15                             00000015


Errors   :       0
Warnings :       0 reported,       0 suppressed
Messages :       0 reported,       0 suppressed

